DISSOLVE_GENOME: GENOME selectTrap_Operator GENOME decode_instruction_base_Volatile GENOME ifetch_main_daemon GENOME iu_exec_daemon GENOME i32_add_sub_Volatile GENOME iu_registers_daemon GENOME load_store_daemon GENOME iretire_daemon GENOME GenericSetAssociativeCacheTagsWithInvalidate GENOME icache_analyze_flags_from_mmu_Volatile GENOME serialBcwDaemon GENOME combinational_merge__parameterized7
GENOME NON_GENOME PIN 497: GENOME NON_GENOME PIN 113
GENOME NON_GENOME PIN 113: GENOME NON_GENOME PIN 497
GENOME NON_GENOME PIN 498: GENOME NON_GENOME PIN 114
GENOME NON_GENOME PIN 114: GENOME NON_GENOME PIN 498
GENOME NON_GENOME PIN 499: GENOME NON_GENOME PIN 115
GENOME NON_GENOME PIN 115: GENOME NON_GENOME PIN 499
GENOME NON_GENOME PIN 500: GENOME NON_GENOME PIN 116
GENOME NON_GENOME PIN 116: GENOME NON_GENOME PIN 500
GENOME NON_GENOME PIN 501: GENOME NON_GENOME PIN 117
GENOME NON_GENOME PIN 117: GENOME NON_GENOME PIN 501
GENOME NON_GENOME PIN 502: GENOME NON_GENOME PIN 118
GENOME NON_GENOME PIN 118: GENOME NON_GENOME PIN 502
GENOME NON_GENOME PIN 503: GENOME NON_GENOME PIN 119
GENOME NON_GENOME PIN 119: GENOME NON_GENOME PIN 503
GENOME NON_GENOME PIN 504: GENOME NON_GENOME PIN 120
GENOME NON_GENOME PIN 120: GENOME NON_GENOME PIN 504
GENOME NON_GENOME PIN 505: GENOME NON_GENOME PIN 121
GENOME NON_GENOME PIN 121: GENOME NON_GENOME PIN 505
GENOME NON_GENOME PIN 506: GENOME NON_GENOME PIN 122
GENOME NON_GENOME PIN 122: GENOME NON_GENOME PIN 506
GENOME NON_GENOME PIN 507: GENOME NON_GENOME PIN 123
GENOME NON_GENOME PIN 123: GENOME NON_GENOME PIN 507
GENOME NON_GENOME PIN 508: GENOME NON_GENOME PIN 124
GENOME NON_GENOME PIN 124: GENOME NON_GENOME PIN 508
GENOME NON_GENOME PIN 509: GENOME NON_GENOME PIN 125
GENOME NON_GENOME PIN 125: GENOME NON_GENOME PIN 509
GENOME NON_GENOME PIN 510: GENOME NON_GENOME PIN 126
GENOME NON_GENOME PIN 126: GENOME NON_GENOME PIN 510
GENOME NON_GENOME PIN 511: GENOME NON_GENOME PIN 127
GENOME NON_GENOME PIN 127: GENOME NON_GENOME PIN 511
GENOME NON_GENOME PIN 512: GENOME NON_GENOME PIN 128
GENOME NON_GENOME PIN 128: GENOME NON_GENOME PIN 512
GENOME NON_GENOME PIN 513: GENOME NON_GENOME PIN 129
GENOME NON_GENOME PIN 129: GENOME NON_GENOME PIN 513
GENOME NON_GENOME PIN 514: GENOME NON_GENOME PIN 130
GENOME NON_GENOME PIN 130: GENOME NON_GENOME PIN 514
GENOME NON_GENOME PIN 515: GENOME NON_GENOME PIN 131
GENOME NON_GENOME PIN 131: GENOME NON_GENOME PIN 515
GENOME NON_GENOME PIN 516: GENOME NON_GENOME PIN 132
GENOME NON_GENOME PIN 132: GENOME NON_GENOME PIN 516
GENOME NON_GENOME PIN 517: GENOME NON_GENOME PIN 133
GENOME NON_GENOME PIN 133: GENOME NON_GENOME PIN 517
GENOME NON_GENOME PIN 518: GENOME NON_GENOME PIN 134
GENOME NON_GENOME PIN 134: GENOME NON_GENOME PIN 518
GENOME NON_GENOME PIN 519: GENOME NON_GENOME PIN 135
GENOME NON_GENOME PIN 135: GENOME NON_GENOME PIN 519
GENOME NON_GENOME PIN 520: GENOME NON_GENOME PIN 136
GENOME NON_GENOME PIN 136: GENOME NON_GENOME PIN 520
GENOME NON_GENOME PIN 521: GENOME NON_GENOME PIN 137
GENOME NON_GENOME PIN 137: GENOME NON_GENOME PIN 521
GENOME NON_GENOME PIN 522: GENOME NON_GENOME PIN 138
GENOME NON_GENOME PIN 138: GENOME NON_GENOME PIN 522
GENOME NON_GENOME PIN 523: GENOME NON_GENOME PIN 139
GENOME NON_GENOME PIN 139: GENOME NON_GENOME PIN 523
GENOME NON_GENOME PIN 524: GENOME NON_GENOME PIN 140
GENOME NON_GENOME PIN 140: GENOME NON_GENOME PIN 524
GENOME NON_GENOME PIN 525: GENOME NON_GENOME PIN 141
GENOME NON_GENOME PIN 141: GENOME NON_GENOME PIN 525
GENOME NON_GENOME PIN 526: GENOME NON_GENOME PIN 142
GENOME NON_GENOME PIN 142: GENOME NON_GENOME PIN 526
GENOME NON_GENOME PIN 527: GENOME NON_GENOME PIN 143
GENOME NON_GENOME PIN 143: GENOME NON_GENOME PIN 527
GENOME NON_GENOME PIN 528: GENOME NON_GENOME PIN 144
GENOME NON_GENOME PIN 144: GENOME NON_GENOME PIN 528
GENOME NON_GENOME PIN 529: GENOME NON_GENOME PIN 145
GENOME NON_GENOME PIN 145: GENOME NON_GENOME PIN 529
GENOME NON_GENOME PIN 530: GENOME NON_GENOME PIN 146
GENOME NON_GENOME PIN 146: GENOME NON_GENOME PIN 530
GENOME NON_GENOME PIN 531: GENOME NON_GENOME PIN 147
GENOME NON_GENOME PIN 147: GENOME NON_GENOME PIN 531
GENOME NON_GENOME PIN 532: GENOME NON_GENOME PIN 148
GENOME NON_GENOME PIN 148: GENOME NON_GENOME PIN 532
GENOME NON_GENOME PIN 533: GENOME NON_GENOME PIN 149
GENOME NON_GENOME PIN 149: GENOME NON_GENOME PIN 533
GENOME NON_GENOME PIN 534: GENOME NON_GENOME PIN 150
GENOME NON_GENOME PIN 150: GENOME NON_GENOME PIN 534
GENOME NON_GENOME PIN 535: GENOME NON_GENOME PIN 151
GENOME NON_GENOME PIN 151: GENOME NON_GENOME PIN 535
GENOME NON_GENOME PIN 536: GENOME NON_GENOME PIN 152
GENOME NON_GENOME PIN 152: GENOME NON_GENOME PIN 536
GENOME NON_GENOME PIN 537: GENOME NON_GENOME PIN 153
GENOME NON_GENOME PIN 153: GENOME NON_GENOME PIN 537
GENOME NON_GENOME PIN 538: GENOME NON_GENOME PIN 154
GENOME NON_GENOME PIN 154: GENOME NON_GENOME PIN 538
GENOME NON_GENOME PIN 539: GENOME NON_GENOME PIN 155
GENOME NON_GENOME PIN 155: GENOME NON_GENOME PIN 539
GENOME NON_GENOME PIN 540: GENOME NON_GENOME PIN 156
GENOME NON_GENOME PIN 156: GENOME NON_GENOME PIN 540
GENOME NON_GENOME PIN 541: GENOME NON_GENOME PIN 157
GENOME NON_GENOME PIN 157: GENOME NON_GENOME PIN 541
GENOME NON_GENOME PIN 542: GENOME NON_GENOME PIN 158
GENOME NON_GENOME PIN 158: GENOME NON_GENOME PIN 542
GENOME NON_GENOME PIN 543: GENOME NON_GENOME PIN 159
GENOME NON_GENOME PIN 159: GENOME NON_GENOME PIN 543
GENOME NON_GENOME PIN 544: GENOME NON_GENOME PIN 160
GENOME NON_GENOME PIN 160: GENOME NON_GENOME PIN 544
GENOME NON_GENOME PIN 545: GENOME NON_GENOME PIN 161
GENOME NON_GENOME PIN 161: GENOME NON_GENOME PIN 545
GENOME NON_GENOME PIN 546: GENOME NON_GENOME PIN 162
GENOME NON_GENOME PIN 162: GENOME NON_GENOME PIN 546
GENOME NON_GENOME PIN 547: GENOME NON_GENOME PIN 163
GENOME NON_GENOME PIN 163: GENOME NON_GENOME PIN 547
GENOME NON_GENOME PIN 548: GENOME NON_GENOME PIN 164
GENOME NON_GENOME PIN 164: GENOME NON_GENOME PIN 548
GENOME NON_GENOME PIN 549: GENOME NON_GENOME PIN 165
GENOME NON_GENOME PIN 165: GENOME NON_GENOME PIN 549
GENOME NON_GENOME PIN 550: GENOME NON_GENOME PIN 166
GENOME NON_GENOME PIN 166: GENOME NON_GENOME PIN 550
GENOME NON_GENOME PIN 551: GENOME NON_GENOME PIN 167
GENOME NON_GENOME PIN 167: GENOME NON_GENOME PIN 551
GENOME NON_GENOME PIN 552: GENOME NON_GENOME PIN 168
GENOME NON_GENOME PIN 168: GENOME NON_GENOME PIN 552
GENOME NON_GENOME PIN 553: GENOME NON_GENOME PIN 169
GENOME NON_GENOME PIN 169: GENOME NON_GENOME PIN 553
GENOME NON_GENOME PIN 554: GENOME NON_GENOME PIN 170
GENOME NON_GENOME PIN 170: GENOME NON_GENOME PIN 554
GENOME NON_GENOME PIN 555: GENOME NON_GENOME PIN 171
GENOME NON_GENOME PIN 171: GENOME NON_GENOME PIN 555
GENOME NON_GENOME PIN 556: GENOME NON_GENOME PIN 172
GENOME NON_GENOME PIN 172: GENOME NON_GENOME PIN 556
GENOME NON_GENOME PIN 557: GENOME NON_GENOME PIN 173
GENOME NON_GENOME PIN 173: GENOME NON_GENOME PIN 557
GENOME NON_GENOME PIN 558: GENOME NON_GENOME PIN 174
GENOME NON_GENOME PIN 174: GENOME NON_GENOME PIN 558
GENOME NON_GENOME PIN 559: GENOME NON_GENOME PIN 175
GENOME NON_GENOME PIN 175: GENOME NON_GENOME PIN 559
GENOME NON_GENOME PIN 560: GENOME NON_GENOME PIN 176
GENOME NON_GENOME PIN 176: GENOME NON_GENOME PIN 560
GENOME NON_GENOME PIN 561: GENOME NON_GENOME PIN 177
GENOME NON_GENOME PIN 177: GENOME NON_GENOME PIN 561
GENOME NON_GENOME PIN 569: GENOME NON_GENOME PIN 193
GENOME NON_GENOME PIN 193: GENOME NON_GENOME PIN 569
GENOME NON_GENOME PIN 570: GENOME NON_GENOME PIN 194
GENOME NON_GENOME PIN 194: GENOME NON_GENOME PIN 570
INST processor_1x1x32_lite__GC0 PIN 567: INST mcore_1x1x32_lite__GC0 PIN 214 TYPE 5
INST processor_1x1x32_lite__GC0 PIN 568: INST mcore_1x1x32_lite__GC0 PIN 215 TYPE 5
INST processor_1x1x32_lite__GC0 PIN 807: INST teu_no_fp__GCB1 PIN 192 TYPE 5
INST processor_1x1x32_lite__GC0 PIN 808: INST teu_no_fp__GCB1 PIN 193 TYPE 5
INST processor_1x1x32_lite__GC0 PIN 809: INST teu_no_fp__GCB1 PIN 194 TYPE 5
INST processor_1x1x32_lite__GC0 PIN 810: INST teu_no_fp__GCB1 PIN 195 TYPE 5
INST processor_1x1x32_lite__GC0 PIN 811: INST teu_no_fp__GCB1 PIN 196 TYPE 5
INST processor_1x1x32_lite__GC0 PIN 812: INST teu_no_fp__GCB1 PIN 197 TYPE 5
INST processor_1x1x32_lite__GC0 PIN 813: INST teu_no_fp__GCB1 PIN 198 TYPE 5
INST processor_1x1x32_lite__GC0 PIN 814: INST teu_no_fp__GCB1 PIN 199 TYPE 5
INST processor_1x1x32_lite__GC0 PIN 815: INST teu_no_fp__GCB1 PIN 200 TYPE 5
INST processor_1x1x32_lite__GC0 PIN 816: INST teu_no_fp__GCB1 PIN 201 TYPE 5
INST processor_1x1x32_lite__GC0 PIN 817: INST teu_no_fp__GCB1 PIN 202 TYPE 5
INST processor_1x1x32_lite__GC0 PIN 818: INST teu_no_fp__GCB1 PIN 203 TYPE 5
INST processor_1x1x32_lite__GC0 PIN 819: INST teu_no_fp__GCB1 PIN 204 TYPE 5
INST processor_1x1x32_lite__GC0 PIN 820: INST teu_no_fp__GCB1 PIN 205 TYPE 5
INST processor_1x1x32_lite__GC0 PIN 821: INST teu_no_fp__GCB1 PIN 206 TYPE 5
INST processor_1x1x32_lite__GC0 PIN 822: INST teu_no_fp__GCB1 PIN 207 TYPE 5
INST processor_1x1x32_lite__GC0 PIN 823: INST teu_no_fp__GCB1 PIN 208 TYPE 5
INST processor_1x1x32_lite__GC0 PIN 824: INST teu_no_fp__GCB1 PIN 209 TYPE 5
INST processor_1x1x32_lite__GC0 PIN 825: INST teu_no_fp__GCB1 PIN 210 TYPE 5
INST processor_1x1x32_lite__GC0 PIN 826: INST teu_no_fp__GCB1 PIN 211 TYPE 5
INST processor_1x1x32_lite__GC0 PIN 827: INST teu_no_fp__GCB1 PIN 212 TYPE 5
INST processor_1x1x32_lite__GC0 PIN 828: INST teu_no_fp__GCB1 PIN 213 TYPE 5
INST processor_1x1x32_lite__GC0 PIN 829: INST teu_no_fp__GCB1 PIN 214 TYPE 5
INST processor_1x1x32_lite__GC0 PIN 830: INST teu_no_fp__GCB1 PIN 215 TYPE 5
INST processor_1x1x32_lite__GC0 PIN 831: INST teu_no_fp__GCB1 PIN 216 TYPE 5
INST processor_1x1x32_lite__GC0 PIN 832: INST teu_no_fp__GCB1 PIN 217 TYPE 5
INST processor_1x1x32_lite__GC0 PIN 833: INST teu_no_fp__GCB1 PIN 218 TYPE 5
INST processor_1x1x32_lite__GC0 PIN 834: INST teu_no_fp__GCB1 PIN 219 TYPE 5
INST processor_1x1x32_lite__GC0 PIN 835: INST teu_no_fp__GCB1 PIN 220 TYPE 5
INST processor_1x1x32_lite__GC0 PIN 836: INST teu_no_fp__GCB1 PIN 221 TYPE 5
INST processor_1x1x32_lite__GC0 PIN 837: INST teu_no_fp__GCB1 PIN 222 TYPE 5
INST processor_1x1x32_lite__GC0 PIN 838: INST teu_no_fp__GCB1 PIN 223 TYPE 5
INST fpga_top__GC0 PIN 27: INST processor_1x1x32_lite__GC0 PIN 113 TYPE 3 INST fpga_top__GC0 PIN 441 TYPE 4
INST fpga_top__GC0 PIN 28: INST processor_1x1x32_lite__GC0 PIN 114 TYPE 3 INST fpga_top__GC0 PIN 442 TYPE 4
INST fpga_top__GC0 PIN 29: INST processor_1x1x32_lite__GC0 PIN 115 TYPE 3 INST fpga_top__GC0 PIN 443 TYPE 4
INST fpga_top__GC0 PIN 30: INST processor_1x1x32_lite__GC0 PIN 116 TYPE 3 INST fpga_top__GC0 PIN 444 TYPE 4
INST fpga_top__GC0 PIN 31: INST processor_1x1x32_lite__GC0 PIN 117 TYPE 3 INST fpga_top__GC0 PIN 445 TYPE 4
INST fpga_top__GC0 PIN 32: INST processor_1x1x32_lite__GC0 PIN 118 TYPE 3 INST fpga_top__GC0 PIN 446 TYPE 4
INST fpga_top__GC0 PIN 33: INST processor_1x1x32_lite__GC0 PIN 119 TYPE 3 INST fpga_top__GC0 PIN 447 TYPE 4
INST fpga_top__GC0 PIN 34: INST processor_1x1x32_lite__GC0 PIN 120 TYPE 3 INST fpga_top__GC0 PIN 448 TYPE 4
INST fpga_top__GC0 PIN 35: INST processor_1x1x32_lite__GC0 PIN 121 TYPE 3 INST fpga_top__GC0 PIN 449 TYPE 4
INST fpga_top__GC0 PIN 36: INST processor_1x1x32_lite__GC0 PIN 122 TYPE 3 INST fpga_top__GC0 PIN 450 TYPE 4
INST fpga_top__GC0 PIN 37: INST processor_1x1x32_lite__GC0 PIN 123 TYPE 3 INST fpga_top__GC0 PIN 451 TYPE 4
INST fpga_top__GC0 PIN 38: INST processor_1x1x32_lite__GC0 PIN 124 TYPE 3 INST fpga_top__GC0 PIN 452 TYPE 4
INST fpga_top__GC0 PIN 39: INST processor_1x1x32_lite__GC0 PIN 125 TYPE 3 INST fpga_top__GC0 PIN 453 TYPE 4
INST fpga_top__GC0 PIN 40: INST processor_1x1x32_lite__GC0 PIN 126 TYPE 3 INST fpga_top__GC0 PIN 454 TYPE 4
INST fpga_top__GC0 PIN 41: INST processor_1x1x32_lite__GC0 PIN 127 TYPE 3 INST fpga_top__GC0 PIN 455 TYPE 4
INST fpga_top__GC0 PIN 42: INST processor_1x1x32_lite__GC0 PIN 128 TYPE 3 INST fpga_top__GC0 PIN 456 TYPE 4
INST fpga_top__GC0 PIN 43: INST processor_1x1x32_lite__GC0 PIN 129 TYPE 3 INST fpga_top__GC0 PIN 457 TYPE 4
INST fpga_top__GC0 PIN 44: INST processor_1x1x32_lite__GC0 PIN 130 TYPE 3 INST fpga_top__GC0 PIN 458 TYPE 4
INST fpga_top__GC0 PIN 45: INST processor_1x1x32_lite__GC0 PIN 131 TYPE 3 INST fpga_top__GC0 PIN 459 TYPE 4
INST fpga_top__GC0 PIN 46: INST processor_1x1x32_lite__GC0 PIN 132 TYPE 3 INST fpga_top__GC0 PIN 460 TYPE 4
INST fpga_top__GC0 PIN 47: INST processor_1x1x32_lite__GC0 PIN 133 TYPE 3 INST fpga_top__GC0 PIN 461 TYPE 4
INST fpga_top__GC0 PIN 48: INST processor_1x1x32_lite__GC0 PIN 134 TYPE 3 INST fpga_top__GC0 PIN 462 TYPE 4
INST fpga_top__GC0 PIN 49: INST processor_1x1x32_lite__GC0 PIN 135 TYPE 3 INST fpga_top__GC0 PIN 463 TYPE 4
INST fpga_top__GC0 PIN 50: INST processor_1x1x32_lite__GC0 PIN 136 TYPE 3 INST fpga_top__GC0 PIN 464 TYPE 4
INST fpga_top__GC0 PIN 51: INST processor_1x1x32_lite__GC0 PIN 137 TYPE 3 INST fpga_top__GC0 PIN 465 TYPE 4
INST fpga_top__GC0 PIN 52: INST processor_1x1x32_lite__GC0 PIN 138 TYPE 3 INST fpga_top__GC0 PIN 466 TYPE 4
INST fpga_top__GC0 PIN 53: INST processor_1x1x32_lite__GC0 PIN 139 TYPE 3 INST fpga_top__GC0 PIN 467 TYPE 4
INST fpga_top__GC0 PIN 54: INST processor_1x1x32_lite__GC0 PIN 140 TYPE 3 INST fpga_top__GC0 PIN 468 TYPE 4
INST fpga_top__GC0 PIN 55: INST processor_1x1x32_lite__GC0 PIN 141 TYPE 3 INST fpga_top__GC0 PIN 469 TYPE 4
INST fpga_top__GC0 PIN 56: INST processor_1x1x32_lite__GC0 PIN 142 TYPE 3 INST fpga_top__GC0 PIN 470 TYPE 4
INST fpga_top__GC0 PIN 57: INST processor_1x1x32_lite__GC0 PIN 143 TYPE 3 INST fpga_top__GC0 PIN 471 TYPE 4
INST fpga_top__GC0 PIN 58: INST processor_1x1x32_lite__GC0 PIN 144 TYPE 3 INST fpga_top__GC0 PIN 472 TYPE 4
INST fpga_top__GC0 PIN 59: INST processor_1x1x32_lite__GC0 PIN 145 TYPE 3 INST fpga_top__GC0 PIN 473 TYPE 4
INST fpga_top__GC0 PIN 60: INST processor_1x1x32_lite__GC0 PIN 146 TYPE 3 INST fpga_top__GC0 PIN 474 TYPE 4
INST fpga_top__GC0 PIN 61: INST processor_1x1x32_lite__GC0 PIN 147 TYPE 3 INST fpga_top__GC0 PIN 475 TYPE 4
INST fpga_top__GC0 PIN 62: INST processor_1x1x32_lite__GC0 PIN 148 TYPE 3 INST fpga_top__GC0 PIN 476 TYPE 4
INST fpga_top__GC0 PIN 63: INST processor_1x1x32_lite__GC0 PIN 149 TYPE 3 INST fpga_top__GC0 PIN 477 TYPE 4
INST fpga_top__GC0 PIN 64: INST processor_1x1x32_lite__GC0 PIN 150 TYPE 3 INST fpga_top__GC0 PIN 478 TYPE 4
INST fpga_top__GC0 PIN 65: INST processor_1x1x32_lite__GC0 PIN 151 TYPE 3 INST fpga_top__GC0 PIN 479 TYPE 4
INST fpga_top__GC0 PIN 66: INST processor_1x1x32_lite__GC0 PIN 152 TYPE 3 INST fpga_top__GC0 PIN 480 TYPE 4
INST fpga_top__GC0 PIN 67: INST processor_1x1x32_lite__GC0 PIN 153 TYPE 3 INST fpga_top__GC0 PIN 481 TYPE 4
INST fpga_top__GC0 PIN 68: INST processor_1x1x32_lite__GC0 PIN 154 TYPE 3 INST fpga_top__GC0 PIN 482 TYPE 4
INST fpga_top__GC0 PIN 69: INST processor_1x1x32_lite__GC0 PIN 155 TYPE 3 INST fpga_top__GC0 PIN 483 TYPE 4
INST fpga_top__GC0 PIN 70: INST processor_1x1x32_lite__GC0 PIN 156 TYPE 3 INST fpga_top__GC0 PIN 484 TYPE 4
INST fpga_top__GC0 PIN 71: INST processor_1x1x32_lite__GC0 PIN 157 TYPE 3 INST fpga_top__GC0 PIN 485 TYPE 4
INST fpga_top__GC0 PIN 72: INST processor_1x1x32_lite__GC0 PIN 158 TYPE 3 INST fpga_top__GC0 PIN 486 TYPE 4
INST fpga_top__GC0 PIN 73: INST processor_1x1x32_lite__GC0 PIN 159 TYPE 3 INST fpga_top__GC0 PIN 487 TYPE 4
INST fpga_top__GC0 PIN 74: INST processor_1x1x32_lite__GC0 PIN 160 TYPE 3 INST fpga_top__GC0 PIN 488 TYPE 4
INST fpga_top__GC0 PIN 75: INST processor_1x1x32_lite__GC0 PIN 161 TYPE 3 INST fpga_top__GC0 PIN 489 TYPE 4
INST fpga_top__GC0 PIN 76: INST processor_1x1x32_lite__GC0 PIN 162 TYPE 3 INST fpga_top__GC0 PIN 490 TYPE 4
INST fpga_top__GC0 PIN 77: INST processor_1x1x32_lite__GC0 PIN 163 TYPE 3 INST fpga_top__GC0 PIN 491 TYPE 4
INST fpga_top__GC0 PIN 78: INST processor_1x1x32_lite__GC0 PIN 164 TYPE 3 INST fpga_top__GC0 PIN 492 TYPE 4
INST fpga_top__GC0 PIN 79: INST processor_1x1x32_lite__GC0 PIN 165 TYPE 3 INST fpga_top__GC0 PIN 493 TYPE 4
INST fpga_top__GC0 PIN 80: INST processor_1x1x32_lite__GC0 PIN 166 TYPE 3 INST fpga_top__GC0 PIN 494 TYPE 4
INST fpga_top__GC0 PIN 81: INST processor_1x1x32_lite__GC0 PIN 167 TYPE 3 INST fpga_top__GC0 PIN 495 TYPE 4
INST fpga_top__GC0 PIN 82: INST processor_1x1x32_lite__GC0 PIN 168 TYPE 3 INST fpga_top__GC0 PIN 496 TYPE 4
INST fpga_top__GC0 PIN 83: INST processor_1x1x32_lite__GC0 PIN 169 TYPE 3 INST fpga_top__GC0 PIN 497 TYPE 4
INST fpga_top__GC0 PIN 84: INST processor_1x1x32_lite__GC0 PIN 170 TYPE 3 INST fpga_top__GC0 PIN 498 TYPE 4
INST fpga_top__GC0 PIN 85: INST processor_1x1x32_lite__GC0 PIN 171 TYPE 3 INST fpga_top__GC0 PIN 499 TYPE 4
INST fpga_top__GC0 PIN 86: INST processor_1x1x32_lite__GC0 PIN 172 TYPE 3 INST fpga_top__GC0 PIN 500 TYPE 4
INST fpga_top__GC0 PIN 87: INST processor_1x1x32_lite__GC0 PIN 173 TYPE 3 INST fpga_top__GC0 PIN 501 TYPE 4
INST fpga_top__GC0 PIN 88: INST processor_1x1x32_lite__GC0 PIN 174 TYPE 3 INST fpga_top__GC0 PIN 502 TYPE 4
INST fpga_top__GC0 PIN 89: INST processor_1x1x32_lite__GC0 PIN 175 TYPE 3 INST fpga_top__GC0 PIN 503 TYPE 4
INST fpga_top__GC0 PIN 90: INST processor_1x1x32_lite__GC0 PIN 176 TYPE 3 INST fpga_top__GC0 PIN 504 TYPE 4
INST fpga_top__GC0 PIN 91: INST processor_1x1x32_lite__GC0 PIN 177 TYPE 3 INST fpga_top__GC0 PIN 505 TYPE 4
INST mcore_1x1x32_lite__GC0 PIN 216: INST processor_1x1x32_lite__GC0 PIN 193 TYPE 3 INST NON_GENOME PIN 2 TYPE 4
INST mcore_1x1x32_lite__GC0 PIN 217: INST processor_1x1x32_lite__GC0 PIN 194 TYPE 3 INST NON_GENOME PIN 3 TYPE 4
INST processor_1x1x32_lite__GC0 PIN 113: GENOME processor_1x1x32_lite__GC0 PIN 113
INST processor_1x1x32_lite__GC0 PIN 114: GENOME processor_1x1x32_lite__GC0 PIN 114
INST processor_1x1x32_lite__GC0 PIN 115: GENOME processor_1x1x32_lite__GC0 PIN 115
INST processor_1x1x32_lite__GC0 PIN 116: GENOME processor_1x1x32_lite__GC0 PIN 116
INST processor_1x1x32_lite__GC0 PIN 117: GENOME processor_1x1x32_lite__GC0 PIN 117
INST processor_1x1x32_lite__GC0 PIN 118: GENOME processor_1x1x32_lite__GC0 PIN 118
INST processor_1x1x32_lite__GC0 PIN 119: GENOME processor_1x1x32_lite__GC0 PIN 119
INST processor_1x1x32_lite__GC0 PIN 120: GENOME processor_1x1x32_lite__GC0 PIN 120
INST processor_1x1x32_lite__GC0 PIN 121: GENOME processor_1x1x32_lite__GC0 PIN 121
INST processor_1x1x32_lite__GC0 PIN 122: GENOME processor_1x1x32_lite__GC0 PIN 122
INST processor_1x1x32_lite__GC0 PIN 123: GENOME processor_1x1x32_lite__GC0 PIN 123
INST processor_1x1x32_lite__GC0 PIN 124: GENOME processor_1x1x32_lite__GC0 PIN 124
INST processor_1x1x32_lite__GC0 PIN 125: GENOME processor_1x1x32_lite__GC0 PIN 125
INST processor_1x1x32_lite__GC0 PIN 126: GENOME processor_1x1x32_lite__GC0 PIN 126
INST processor_1x1x32_lite__GC0 PIN 127: GENOME processor_1x1x32_lite__GC0 PIN 127
INST processor_1x1x32_lite__GC0 PIN 128: GENOME processor_1x1x32_lite__GC0 PIN 128
INST processor_1x1x32_lite__GC0 PIN 129: GENOME processor_1x1x32_lite__GC0 PIN 129
INST processor_1x1x32_lite__GC0 PIN 130: GENOME processor_1x1x32_lite__GC0 PIN 130
INST processor_1x1x32_lite__GC0 PIN 131: GENOME processor_1x1x32_lite__GC0 PIN 131
INST processor_1x1x32_lite__GC0 PIN 132: GENOME processor_1x1x32_lite__GC0 PIN 132
INST processor_1x1x32_lite__GC0 PIN 133: GENOME processor_1x1x32_lite__GC0 PIN 133
INST processor_1x1x32_lite__GC0 PIN 134: GENOME processor_1x1x32_lite__GC0 PIN 134
INST processor_1x1x32_lite__GC0 PIN 135: GENOME processor_1x1x32_lite__GC0 PIN 135
INST processor_1x1x32_lite__GC0 PIN 136: GENOME processor_1x1x32_lite__GC0 PIN 136
INST processor_1x1x32_lite__GC0 PIN 137: GENOME processor_1x1x32_lite__GC0 PIN 137
INST processor_1x1x32_lite__GC0 PIN 138: GENOME processor_1x1x32_lite__GC0 PIN 138
INST processor_1x1x32_lite__GC0 PIN 139: GENOME processor_1x1x32_lite__GC0 PIN 139
INST processor_1x1x32_lite__GC0 PIN 140: GENOME processor_1x1x32_lite__GC0 PIN 140
INST processor_1x1x32_lite__GC0 PIN 141: GENOME processor_1x1x32_lite__GC0 PIN 141
INST processor_1x1x32_lite__GC0 PIN 142: GENOME processor_1x1x32_lite__GC0 PIN 142
INST processor_1x1x32_lite__GC0 PIN 143: GENOME processor_1x1x32_lite__GC0 PIN 143
INST processor_1x1x32_lite__GC0 PIN 144: GENOME processor_1x1x32_lite__GC0 PIN 144
INST processor_1x1x32_lite__GC0 PIN 145: GENOME processor_1x1x32_lite__GC0 PIN 145
INST processor_1x1x32_lite__GC0 PIN 146: GENOME processor_1x1x32_lite__GC0 PIN 146
INST processor_1x1x32_lite__GC0 PIN 147: GENOME processor_1x1x32_lite__GC0 PIN 147
INST processor_1x1x32_lite__GC0 PIN 148: GENOME processor_1x1x32_lite__GC0 PIN 148
INST processor_1x1x32_lite__GC0 PIN 149: GENOME processor_1x1x32_lite__GC0 PIN 149
INST processor_1x1x32_lite__GC0 PIN 150: GENOME processor_1x1x32_lite__GC0 PIN 150
INST processor_1x1x32_lite__GC0 PIN 151: GENOME processor_1x1x32_lite__GC0 PIN 151
INST processor_1x1x32_lite__GC0 PIN 152: GENOME processor_1x1x32_lite__GC0 PIN 152
INST processor_1x1x32_lite__GC0 PIN 153: GENOME processor_1x1x32_lite__GC0 PIN 153
INST processor_1x1x32_lite__GC0 PIN 154: GENOME processor_1x1x32_lite__GC0 PIN 154
INST processor_1x1x32_lite__GC0 PIN 155: GENOME processor_1x1x32_lite__GC0 PIN 155
INST processor_1x1x32_lite__GC0 PIN 156: GENOME processor_1x1x32_lite__GC0 PIN 156
INST processor_1x1x32_lite__GC0 PIN 157: GENOME processor_1x1x32_lite__GC0 PIN 157
INST processor_1x1x32_lite__GC0 PIN 158: GENOME processor_1x1x32_lite__GC0 PIN 158
INST processor_1x1x32_lite__GC0 PIN 159: GENOME processor_1x1x32_lite__GC0 PIN 159
INST processor_1x1x32_lite__GC0 PIN 160: GENOME processor_1x1x32_lite__GC0 PIN 160
INST processor_1x1x32_lite__GC0 PIN 161: GENOME processor_1x1x32_lite__GC0 PIN 161
INST processor_1x1x32_lite__GC0 PIN 162: GENOME processor_1x1x32_lite__GC0 PIN 162
INST processor_1x1x32_lite__GC0 PIN 163: GENOME processor_1x1x32_lite__GC0 PIN 163
INST processor_1x1x32_lite__GC0 PIN 164: GENOME processor_1x1x32_lite__GC0 PIN 164
INST processor_1x1x32_lite__GC0 PIN 165: GENOME processor_1x1x32_lite__GC0 PIN 165
INST processor_1x1x32_lite__GC0 PIN 166: GENOME processor_1x1x32_lite__GC0 PIN 166
INST processor_1x1x32_lite__GC0 PIN 167: GENOME processor_1x1x32_lite__GC0 PIN 167
INST processor_1x1x32_lite__GC0 PIN 168: GENOME processor_1x1x32_lite__GC0 PIN 168
INST processor_1x1x32_lite__GC0 PIN 169: GENOME processor_1x1x32_lite__GC0 PIN 169
INST processor_1x1x32_lite__GC0 PIN 170: GENOME processor_1x1x32_lite__GC0 PIN 170
INST processor_1x1x32_lite__GC0 PIN 171: GENOME processor_1x1x32_lite__GC0 PIN 171
INST processor_1x1x32_lite__GC0 PIN 172: GENOME processor_1x1x32_lite__GC0 PIN 172
INST processor_1x1x32_lite__GC0 PIN 173: GENOME processor_1x1x32_lite__GC0 PIN 173
INST processor_1x1x32_lite__GC0 PIN 174: GENOME processor_1x1x32_lite__GC0 PIN 174
INST processor_1x1x32_lite__GC0 PIN 175: GENOME processor_1x1x32_lite__GC0 PIN 175
INST processor_1x1x32_lite__GC0 PIN 176: GENOME processor_1x1x32_lite__GC0 PIN 176
INST processor_1x1x32_lite__GC0 PIN 177: GENOME processor_1x1x32_lite__GC0 PIN 177
INST processor_1x1x32_lite__GC0 PIN 179: GENOME processor_1x1x32_lite__GC0 PIN 179
INST processor_1x1x32_lite__GC0 PIN 180: GENOME processor_1x1x32_lite__GC0 PIN 180
INST processor_1x1x32_lite__GC0 PIN 181: GENOME processor_1x1x32_lite__GC0 PIN 181
INST processor_1x1x32_lite__GC0 PIN 182: GENOME processor_1x1x32_lite__GC0 PIN 182
INST processor_1x1x32_lite__GC0 PIN 183: GENOME processor_1x1x32_lite__GC0 PIN 183
INST processor_1x1x32_lite__GC0 PIN 184: GENOME processor_1x1x32_lite__GC0 PIN 184
INST processor_1x1x32_lite__GC0 PIN 185: GENOME processor_1x1x32_lite__GC0 PIN 185
INST processor_1x1x32_lite__GC0 PIN 186: GENOME processor_1x1x32_lite__GC0 PIN 186
INST processor_1x1x32_lite__GC0 PIN 187: GENOME processor_1x1x32_lite__GC0 PIN 187
INST processor_1x1x32_lite__GC0 PIN 188: GENOME processor_1x1x32_lite__GC0 PIN 188
INST processor_1x1x32_lite__GC0 PIN 189: GENOME processor_1x1x32_lite__GC0 PIN 189
INST processor_1x1x32_lite__GC0 PIN 190: GENOME processor_1x1x32_lite__GC0 PIN 190
INST processor_1x1x32_lite__GC0 PIN 191: GENOME processor_1x1x32_lite__GC0 PIN 191
INST processor_1x1x32_lite__GC0 PIN 192: GENOME processor_1x1x32_lite__GC0 PIN 192
INST processor_1x1x32_lite__GC0 PIN 193: GENOME processor_1x1x32_lite__GC0 PIN 193
INST processor_1x1x32_lite__GC0 PIN 194: GENOME processor_1x1x32_lite__GC0 PIN 194
INST processor_1x1x32_lite__GC0 PIN 569: INST mcore_1x1x32_lite__GC0 PIN 216 TYPE 5
INST processor_1x1x32_lite__GC0 PIN 570: INST mcore_1x1x32_lite__GC0 PIN 217 TYPE 5
