Copyright 1986-2022 Xilinx, Inc. All Rights Reserved. Copyright 2022-2023 Advanced Micro Devices, Inc. All Rights Reserved.
--------------------------------------------------------------------------------------------------------------------------------------------------
| Tool Version      : Vivado v.2023.2 (lin64) Build 4029153 Fri Oct 13 20:13:54 MDT 2023
| Date              : Wed Sep  4 15:46:05 2024
| Host              : iitg-Precision-3660 running 64-bit Ubuntu 22.04.4 LTS
| Command           : report_clock_utilization -file ajitVCK_wrapper_clock_utilization_routed.rpt
| Design            : ajitVCK_wrapper
| Device            : xcvc1902-vsva2197
| Speed File        : -2MP  PRODUCTION 2.12 2023-09-01
| Temperature Grade : E
| Design State      : Routed
| GCLK Deskew       : Off
--------------------------------------------------------------------------------------------------------------------------------------------------

Clock Utilization Report

Table of Contents
-----------------
1. Clock Primitive Utilization
2. Global Clock Resources
3. Global Clock Source Details
4. Clock Regions : Clock Primitives
5. Clock Regions : Load Primitives
6. Clock Regions : Global Clock Summary
7. Clock Regions : Routing Resource Utilization
8. Device Cell Placement Summary for Global Clock g0
9. Device Cell Placement Summary for Global Clock g1
10. Device Cell Placement Summary for Global Clock g2
11. Clock Region Cell Placement per Global Clock: Region X2Y2
12. Clock Region Cell Placement per Global Clock: Region X1Y3
13. Clock Region Cell Placement per Global Clock: Region X2Y3
14. Clock Region Cell Placement per Global Clock: Region X3Y3
15. Clock Region Cell Placement per Global Clock: Region X4Y3
16. Clock Region Cell Placement per Global Clock: Region X1Y4
17. Clock Region Cell Placement per Global Clock: Region X2Y4
18. Clock Region Cell Placement per Global Clock: Region X3Y4

1. Clock Primitive Utilization
------------------------------

+------------------+------+-----------+-----+--------------+--------+
| Type             | Used | Available | LOC | Clock Region | Pblock |
+------------------+------+-----------+-----+--------------+--------+
| (M)BUFGCE        |    1 |       296 |   0 |            0 |      0 |
| (M)BUFGCE_DIV    |    0 |        40 |   0 |            0 |      0 |
| (M)BUFGCTRL      |    0 |        80 |   0 |            0 |      0 |
| BUFG_FABRIC      |    2 |       384 |   0 |            0 |      0 |
| (M)BUFG_GT       |    0 |       168 |   0 |            0 |      0 |
| (M)BUFG_PS       |    0 |        12 |   0 |            0 |      0 |
| DPLL             |    0 |        25 |   0 |            0 |      0 |
|   DPLL (BUFGCE)  |    0 |        14 |   0 |            0 |      0 |
|   DPLL (BUFG_GT) |    0 |        11 |   0 |            0 |      0 |
| MMCM             |    1 |        12 |   0 |            0 |      0 |
| XPLL             |    0 |        24 |   0 |            0 |      0 |
+------------------+------+-----------+-----+--------------+--------+


2. Global Clock Resources
-------------------------

+-----------+-----------+-----------------+------------+-------------------+--------------+------+-------------+-------------------+------------------+-------------------+-------------+-----------------+--------------+-------------------+--------------------------------------------------------------------------------+---------------------------------------------------------------------+
| Global Id | Source Id | Driver Type/Pin | Constraint | Site              | Clock Region | Root | GCLK Deskew | Clock Delay Group | Clock Low Fanout | Load Clock Region | Clock Loads | Non-Clock Loads | Clock Period | Clock             | Driver Pin                                                                     | Net                                                                 |
+-----------+-----------+-----------------+------------+-------------------+--------------+------+-------------+-------------------+------------------+-------------------+-------------+-----------------+--------------+-------------------+--------------------------------------------------------------------------------+---------------------------------------------------------------------+
| g0        | src0      | BUFGCE/O        | None       | BUFGCE_X0Y23      | X0Y0         | X1Y3 | Off         |                   |                  |                 8 |       43469 |               0 |       12.500 | clkout1_primitive | ajitVCK_i/fpga_top_0/U0/clocking/inst/clock_primitive_inst/BUFG_clkout1_inst/O | ajitVCK_i/fpga_top_0/U0/clocking/inst/clock_primitive_inst/clk_out1 |
| g1        | src1      | BUFG_FABRIC/O   | None       | BUFG_FABRIC_X0Y24 | X1Y2         | X1Y3 | Off         | n/a               |                  |                 5 |           0 |           28922 |          n/a | n/a               | ajitVCK_i/fpga_top_0/U0/reset_sync_reg_n_0_BUFG_inst/O                         | ajitVCK_i/fpga_top_0/U0/reset_sync_reg_n_0_BUFG                     |
| g2        | src2      | BUFG_FABRIC/O   | None       | BUFG_FABRIC_X2Y49 | X3Y3         | X3Y3 | Off         | n/a               |                  |                 2 |           0 |            8857 |          n/a | n/a               | ajitVCK_i/fpga_top_0/U0/reset_sync_reg_n_0_BUFG_inst_replica/O                 | ajitVCK_i/fpga_top_0/U0/reset_sync_reg_n_0_BUFG_repN                |
+-----------+-----------+-----------------+------------+-------------------+--------------+------+-------------+-------------------+------------------+-------------------+-------------+-----------------+--------------+-------------------+--------------------------------------------------------------------------------+---------------------------------------------------------------------+
* Clock Loads column represents cell count of net connects that connect to a clock pin. Internal cell leaf pins are not considered
** Non-Clock Loads column represents cell count of non-clock pin loads
*** In GCLK Deskew column, symbol '*' indicates non-default GCLK Deskew value using GCLK_DESKEW property on net


3. Global Clock Source Details
------------------------------

+-----------+-----------+-----------------+------------+----------------+--------------+-------------+-----------------+---------------------+-------------------+--------------------------------------------------------------------------------+------------------------------------------------------------------------------+
| Source Id | Global Id | Driver Type/Pin | Constraint | Site           | Clock Region | Clock Loads | Non-Clock Loads | Source Clock Period | Source Clock      | Driver Pin                                                                     | Net                                                                          |
+-----------+-----------+-----------------+------------+----------------+--------------+-------------+-----------------+---------------------+-------------------+--------------------------------------------------------------------------------+------------------------------------------------------------------------------+
| src0      | g0        | MMCME5/CLKOUT0  | None       | MMCM_X0Y0      | X0Y0         |           1 |               0 |              12.500 | clkout1_primitive | ajitVCK_i/fpga_top_0/U0/clocking/inst/clock_primitive_inst/MMCME5_inst/CLKOUT0 | ajitVCK_i/fpga_top_0/U0/clocking/inst/clock_primitive_inst/clkout1_primitive |
| src1      | g1        | FDRE/Q          | None       | SLICE_X76Y146  | X2Y2         |           1 |               0 |                     |                   | ajitVCK_i/fpga_top_0/U0/reset_sync_reg_lopt_replica/Q                          | ajitVCK_i/fpga_top_0/U0/Q_replN                                              |
| src2      | g2        | FDRE/Q          | None       | SLICE_X148Y236 | X4Y3         |           1 |               0 |                     |                   | ajitVCK_i/fpga_top_0/U0/reset_sync_reg_lopt_replica_1/Q                        | ajitVCK_i/fpga_top_0/U0/Q_replN_repN                                         |
+-----------+-----------+-----------------+------------+----------------+--------------+-------------+-----------------+---------------------+-------------------+--------------------------------------------------------------------------------+------------------------------------------------------------------------------+
* Clock Loads column represents cell count of net connects that connect to a clock pin. Internal cell leaf pins are not considered
** Non-Clock Loads column represents cell count of non-clock pin loads


4. Clock Regions : Clock Primitives
-----------------------------------

+-------------------+---------------+---------------+---------------+---------------+---------------+---------------+---------------+---------------+---------------+---------------+
|                   |  Global Clock |   (M)BUFGCE   | (M)BUFGCE_DIV |  (M)BUFGCTRL  |   (M)BUFG_GT  |   (M)BUFG_PS  |      MMCM     | DPLL (non-GT) |   DPLL (GT)   |      XPLL     |
+-------------------+-------+-------+-------+-------+-------+-------+-------+-------+-------+-------+-------+-------+-------+-------+-------+-------+-------+-------+-------+-------+
| Clock Region Name | Used  | Avail | Used  | Avail | Used  | Avail | Used  | Avail | Used  | Avail | Used  | Avail | Used  | Avail | Used  | Avail | Used  | Avail | Used  | Avail |
+-------------------+-------+-------+-------+-------+-------+-------+-------+-------+-------+-------+-------+-------+-------+-------+-------+-------+-------+-------+-------+-------+
| X0Y0              |     0 |    24 |     1 |    24 |     0 |     4 |     0 |     8 |     0 |     0 |     0 |     0 |     1 |     1 |     0 |     1 |     0 |     1 |     0 |     2 |
| X1Y0              |     0 |    24 |     0 |    24 |     0 |     4 |     0 |     8 |     0 |     0 |     0 |     0 |     0 |     1 |     0 |     1 |     0 |     1 |     0 |     2 |
| X2Y0              |     0 |    24 |     0 |    24 |     0 |     4 |     0 |     8 |     0 |     0 |     0 |     0 |     0 |     1 |     0 |     1 |     0 |     1 |     0 |     2 |
| X3Y0              |     0 |    24 |     0 |    24 |     0 |     4 |     0 |     8 |     0 |     0 |     0 |     0 |     0 |     1 |     0 |     1 |     0 |     1 |     0 |     2 |
| X4Y0              |     0 |    24 |     0 |    24 |     0 |     4 |     0 |     8 |     0 |     0 |     0 |     0 |     0 |     1 |     0 |     1 |     0 |     1 |     0 |     2 |
| X5Y0              |     0 |    24 |     0 |    24 |     0 |     4 |     0 |     8 |     0 |     0 |     0 |     0 |     0 |     1 |     0 |     1 |     0 |     1 |     0 |     2 |
| X6Y0              |     0 |    24 |     0 |    24 |     0 |     4 |     0 |     8 |     0 |     0 |     0 |     0 |     0 |     1 |     0 |     1 |     0 |     1 |     0 |     2 |
| X7Y0              |     0 |    24 |     0 |    24 |     0 |     4 |     0 |     8 |     0 |     0 |     0 |     0 |     0 |     1 |     0 |     1 |     0 |     1 |     0 |     2 |
| X8Y0              |     0 |    24 |     0 |    24 |     0 |     4 |     0 |     8 |     0 |     0 |     0 |     0 |     0 |     1 |     0 |     1 |     0 |     1 |     0 |     2 |
| X9Y0              |     0 |    24 |     0 |    24 |     0 |     4 |     0 |     8 |     0 |     0 |     0 |     0 |     0 |     1 |     0 |     1 |     0 |     1 |     0 |     2 |
| X10Y0             |     0 |    24 |     0 |    24 |     0 |     4 |     0 |     8 |     0 |     0 |     0 |     0 |     0 |     1 |     0 |     1 |     0 |     1 |     0 |     2 |
| X11Y0             |     0 |    24 |     0 |    24 |     0 |     4 |     0 |     8 |     0 |     0 |     0 |     0 |     0 |     1 |     0 |     1 |     0 |     1 |     0 |     2 |
| X0Y1              |     0 |     0 |     0 |     0 |     0 |     0 |     0 |     0 |     0 |     0 |     0 |     0 |     0 |     0 |     0 |     0 |     0 |     0 |     0 |     0 |
| X1Y1              |     0 |    24 |     0 |     0 |     0 |     0 |     0 |     0 |     0 |     0 |     0 |    12 |     0 |     0 |     0 |     0 |     0 |     0 |     0 |     0 |
| X2Y1              |     0 |    24 |     0 |     0 |     0 |     0 |     0 |     0 |     0 |     0 |     0 |     0 |     0 |     0 |     0 |     0 |     0 |     0 |     0 |     0 |
| X3Y1              |     0 |    24 |     0 |     0 |     0 |     0 |     0 |     0 |     0 |     0 |     0 |     0 |     0 |     0 |     0 |     0 |     0 |     0 |     0 |     0 |
| X4Y1              |     0 |    24 |     0 |     0 |     0 |     0 |     0 |     0 |     0 |     0 |     0 |     0 |     0 |     0 |     0 |     0 |     0 |     0 |     0 |     0 |
| X5Y1              |     0 |    24 |     0 |     0 |     0 |     0 |     0 |     0 |     0 |     0 |     0 |     0 |     0 |     0 |     0 |     0 |     0 |     0 |     0 |     0 |
| X6Y1              |     0 |    24 |     0 |     0 |     0 |     0 |     0 |     0 |     0 |     0 |     0 |     0 |     0 |     0 |     0 |     0 |     0 |     0 |     0 |     0 |
| X7Y1              |     0 |    24 |     0 |     0 |     0 |     0 |     0 |     0 |     0 |     0 |     0 |     0 |     0 |     0 |     0 |     0 |     0 |     0 |     0 |     0 |
| X8Y1              |     0 |    24 |     0 |     0 |     0 |     0 |     0 |     0 |     0 |     0 |     0 |     0 |     0 |     0 |     0 |     0 |     0 |     0 |     0 |     0 |
| X9Y1              |     0 |    24 |     0 |     0 |     0 |     0 |     0 |     0 |     0 |    24 |     0 |     0 |     0 |     0 |     0 |     2 |     0 |     2 |     0 |     0 |
| X0Y2              |     0 |    24 |     0 |     0 |     0 |     0 |     0 |     0 |     0 |    24 |     0 |     0 |     0 |     0 |     0 |     1 |     0 |     1 |     0 |     0 |
| X1Y2              |     0 |    24 |     0 |     0 |     0 |     0 |     0 |     0 |     0 |     0 |     0 |     0 |     0 |     0 |     0 |     0 |     0 |     0 |     0 |     0 |
| X2Y2              |     2 |    24 |     0 |     0 |     0 |     0 |     0 |     0 |     0 |     0 |     0 |     0 |     0 |     0 |     0 |     0 |     0 |     0 |     0 |     0 |
| X3Y2              |     0 |    24 |     0 |     0 |     0 |     0 |     0 |     0 |     0 |     0 |     0 |     0 |     0 |     0 |     0 |     0 |     0 |     0 |     0 |     0 |
| X4Y2              |     0 |    24 |     0 |     0 |     0 |     0 |     0 |     0 |     0 |     0 |     0 |     0 |     0 |     0 |     0 |     0 |     0 |     0 |     0 |     0 |
| X5Y2              |     0 |    24 |     0 |     0 |     0 |     0 |     0 |     0 |     0 |     0 |     0 |     0 |     0 |     0 |     0 |     0 |     0 |     0 |     0 |     0 |
| X6Y2              |     0 |    24 |     0 |     0 |     0 |     0 |     0 |     0 |     0 |     0 |     0 |     0 |     0 |     0 |     0 |     0 |     0 |     0 |     0 |     0 |
| X7Y2              |     0 |    24 |     0 |     0 |     0 |     0 |     0 |     0 |     0 |     0 |     0 |     0 |     0 |     0 |     0 |     0 |     0 |     0 |     0 |     0 |
| X8Y2              |     0 |    24 |     0 |     0 |     0 |     0 |     0 |     0 |     0 |     0 |     0 |     0 |     0 |     0 |     0 |     0 |     0 |     0 |     0 |     0 |
| X9Y2              |     0 |    24 |     0 |     0 |     0 |     0 |     0 |     0 |     0 |    24 |     0 |     0 |     0 |     0 |     0 |     2 |     0 |     2 |     0 |     0 |
| X0Y3              |     0 |    24 |     0 |     0 |     0 |     0 |     0 |     0 |     0 |    24 |     0 |     0 |     0 |     0 |     0 |     2 |     0 |     2 |     0 |     0 |
| X1Y3              |     2 |    24 |     0 |     0 |     0 |     0 |     0 |     0 |     0 |     0 |     0 |     0 |     0 |     0 |     0 |     0 |     0 |     0 |     0 |     0 |
| X2Y3              |     2 |    24 |     0 |     0 |     0 |     0 |     0 |     0 |     0 |     0 |     0 |     0 |     0 |     0 |     0 |     0 |     0 |     0 |     0 |     0 |
| X3Y3              |     2 |    24 |     0 |     0 |     0 |     0 |     0 |     0 |     0 |     0 |     0 |     0 |     0 |     0 |     0 |     0 |     0 |     0 |     0 |     0 |
| X4Y3              |     1 |    24 |     0 |     0 |     0 |     0 |     0 |     0 |     0 |     0 |     0 |     0 |     0 |     0 |     0 |     0 |     0 |     0 |     0 |     0 |
| X5Y3              |     0 |    24 |     0 |     0 |     0 |     0 |     0 |     0 |     0 |     0 |     0 |     0 |     0 |     0 |     0 |     0 |     0 |     0 |     0 |     0 |
| X6Y3              |     0 |    24 |     0 |     0 |     0 |     0 |     0 |     0 |     0 |     0 |     0 |     0 |     0 |     0 |     0 |     0 |     0 |     0 |     0 |     0 |
| X7Y3              |     0 |    24 |     0 |     0 |     0 |     0 |     0 |     0 |     0 |     0 |     0 |     0 |     0 |     0 |     0 |     0 |     0 |     0 |     0 |     0 |
| X8Y3              |     0 |    24 |     0 |     0 |     0 |     0 |     0 |     0 |     0 |     0 |     0 |     0 |     0 |     0 |     0 |     0 |     0 |     0 |     0 |     0 |
| X9Y3              |     0 |    24 |     0 |     0 |     0 |     0 |     0 |     0 |     0 |    24 |     0 |     0 |     0 |     0 |     0 |     2 |     0 |     2 |     0 |     0 |
| X0Y4              |     0 |    24 |     0 |     4 |     0 |     0 |     0 |     0 |     0 |    24 |     0 |     0 |     0 |     0 |     0 |     2 |     0 |     2 |     0 |     0 |
| X1Y4              |     2 |    24 |     0 |     0 |     0 |     0 |     0 |     0 |     0 |     0 |     0 |     0 |     0 |     0 |     0 |     0 |     0 |     0 |     0 |     0 |
| X2Y4              |     2 |    24 |     0 |     0 |     0 |     0 |     0 |     0 |     0 |     0 |     0 |     0 |     0 |     0 |     0 |     0 |     0 |     0 |     0 |     0 |
| X3Y4              |     2 |    24 |     0 |     0 |     0 |     0 |     0 |     0 |     0 |     0 |     0 |     0 |     0 |     0 |     0 |     0 |     0 |     0 |     0 |     0 |
| X4Y4              |     0 |    24 |     0 |     0 |     0 |     0 |     0 |     0 |     0 |     0 |     0 |     0 |     0 |     0 |     0 |     0 |     0 |     0 |     0 |     0 |
| X5Y4              |     0 |    24 |     0 |     0 |     0 |     0 |     0 |     0 |     0 |     0 |     0 |     0 |     0 |     0 |     0 |     0 |     0 |     0 |     0 |     0 |
| X6Y4              |     0 |    24 |     0 |     0 |     0 |     0 |     0 |     0 |     0 |     0 |     0 |     0 |     0 |     0 |     0 |     0 |     0 |     0 |     0 |     0 |
| X7Y4              |     0 |    24 |     0 |     0 |     0 |     0 |     0 |     0 |     0 |     0 |     0 |     0 |     0 |     0 |     0 |     0 |     0 |     0 |     0 |     0 |
| X8Y4              |     0 |    24 |     0 |     0 |     0 |     0 |     0 |     0 |     0 |     0 |     0 |     0 |     0 |     0 |     0 |     0 |     0 |     0 |     0 |     0 |
| X9Y4              |     0 |    24 |     0 |     4 |     0 |     0 |     0 |     0 |     0 |    24 |     0 |     0 |     0 |     0 |     0 |     2 |     0 |     2 |     0 |     0 |
| X0Y5              |     0 |    24 |     0 |     0 |     0 |     0 |     0 |     0 |     0 |     0 |     0 |     0 |     0 |     0 |     0 |     0 |     0 |     0 |     0 |     0 |
| X1Y5              |     0 |    24 |     0 |     0 |     0 |     0 |     0 |     0 |     0 |     0 |     0 |     0 |     0 |     0 |     0 |     0 |     0 |     0 |     0 |     0 |
| X2Y5              |     0 |    24 |     0 |     0 |     0 |     0 |     0 |     0 |     0 |     0 |     0 |     0 |     0 |     0 |     0 |     0 |     0 |     0 |     0 |     0 |
| X3Y5              |     0 |    24 |     0 |     0 |     0 |     0 |     0 |     0 |     0 |     0 |     0 |     0 |     0 |     0 |     0 |     0 |     0 |     0 |     0 |     0 |
| X4Y5              |     0 |    24 |     0 |     0 |     0 |     0 |     0 |     0 |     0 |     0 |     0 |     0 |     0 |     0 |     0 |     0 |     0 |     0 |     0 |     0 |
| X5Y5              |     0 |    24 |     0 |     0 |     0 |     0 |     0 |     0 |     0 |     0 |     0 |     0 |     0 |     0 |     0 |     0 |     0 |     0 |     0 |     0 |
| X6Y5              |     0 |    24 |     0 |     0 |     0 |     0 |     0 |     0 |     0 |     0 |     0 |     0 |     0 |     0 |     0 |     0 |     0 |     0 |     0 |     0 |
| X7Y5              |     0 |    24 |     0 |     0 |     0 |     0 |     0 |     0 |     0 |     0 |     0 |     0 |     0 |     0 |     0 |     0 |     0 |     0 |     0 |     0 |
| X8Y5              |     0 |    24 |     0 |     0 |     0 |     0 |     0 |     0 |     0 |     0 |     0 |     0 |     0 |     0 |     0 |     0 |     0 |     0 |     0 |     0 |
| X9Y5              |     0 |    24 |     0 |     0 |     0 |     0 |     0 |     0 |     0 |     0 |     0 |     0 |     0 |     0 |     0 |     0 |     0 |     0 |     0 |     0 |
| X10Y5             |     0 |    24 |     0 |     0 |     0 |     0 |     0 |     0 |     0 |     0 |     0 |     0 |     0 |     0 |     0 |     0 |     0 |     0 |     0 |     0 |
| X11Y5             |     0 |     0 |     0 |     0 |     0 |     0 |     0 |     0 |     0 |     0 |     0 |     0 |     0 |     0 |     0 |     0 |     0 |     0 |     0 |     0 |
+-------------------+-------+-------+-------+-------+-------+-------+-------+-------+-------+-------+-------+-------+-------+-------+-------+-------+-------+-------+-------+-------+
* Global Clock column represents track count; while other columns represents cell counts


5. Clock Regions : Load Primitives
----------------------------------

+-------------------+------------------+------------------+------------------+------------------+------------------+------------------+------------------+------------------+------------------+
|                   |   Global Clock   |        FF        |      LUTRAM      |  Block RAM (18K) |       URAM       |        DSP       |        GT        |      HARD IP     |        NOC       |
+-------------------+--------+---------+--------+---------+--------+---------+--------+---------+--------+---------+--------+---------+--------+---------+--------+---------+--------+---------+
| Clock Region Name | Used   | Avail   | Used   | Avail   | Used   | Avail   | Used   | Avail   | Used   | Avail   | Used   | Avail   | Used   | Avail   | Used   | Avail   | Used   | Avail   |
+-------------------+--------+---------+--------+---------+--------+---------+--------+---------+--------+---------+--------+---------+--------+---------+--------+---------+--------+---------+
| X0Y0              |      0 |      24 |      0 |       0 |      0 |       0 |      0 |       0 |      0 |       0 |      0 |       0 |      0 |       0 |      0 |       1 |      0 |       0 |
| X1Y0              |      0 |      24 |      0 |       0 |      0 |       0 |      0 |       0 |      0 |       0 |      0 |       0 |      0 |       0 |      0 |       0 |      0 |       0 |
| X2Y0              |      0 |      24 |      0 |       0 |      0 |       0 |      0 |       0 |      0 |       0 |      0 |       0 |      0 |       0 |      0 |       0 |      0 |       0 |
| X3Y0              |      0 |      24 |      0 |       0 |      0 |       0 |      0 |       0 |      0 |       0 |      0 |       0 |      0 |       0 |      0 |       1 |      0 |       0 |
| X4Y0              |      0 |      24 |      0 |       0 |      0 |       0 |      0 |       0 |      0 |       0 |      0 |       0 |      0 |       0 |      0 |       0 |      0 |       0 |
| X5Y0              |      0 |      24 |      0 |       0 |      0 |       0 |      0 |       0 |      0 |       0 |      0 |       0 |      0 |       0 |      0 |       0 |      0 |       0 |
| X6Y0              |      0 |      24 |      0 |       0 |      0 |       0 |      0 |       0 |      0 |       0 |      0 |       0 |      0 |       0 |      0 |       1 |      0 |       0 |
| X7Y0              |      0 |      24 |      0 |       0 |      0 |       0 |      0 |       0 |      0 |       0 |      0 |       0 |      0 |       0 |      0 |       0 |      0 |       0 |
| X8Y0              |      0 |      24 |      0 |       0 |      0 |       0 |      0 |       0 |      0 |       0 |      0 |       0 |      0 |       0 |      0 |       0 |      0 |       0 |
| X9Y0              |      0 |      24 |      0 |       0 |      0 |       0 |      0 |       0 |      0 |       0 |      0 |       0 |      0 |       0 |      0 |       0 |      0 |       0 |
| X10Y0             |      0 |      24 |      0 |       0 |      0 |       0 |      0 |       0 |      0 |       0 |      0 |       0 |      0 |       0 |      0 |       1 |      0 |       0 |
| X11Y0             |      0 |      24 |      0 |       0 |      0 |       0 |      0 |       0 |      0 |       0 |      0 |       0 |      0 |       0 |      0 |       0 |      0 |       0 |
| X0Y1              |      0 |       0 |      0 |       0 |      0 |       0 |      0 |       0 |      0 |       0 |      0 |       0 |      0 |       0 |      0 |       0 |      0 |       0 |
| X1Y1              |      0 |      24 |      0 |   52992 |      0 |   13248 |      0 |      48 |      0 |      24 |      0 |       0 |      0 |       0 |      0 |       0 |      0 |       4 |
| X2Y1              |      0 |      24 |      0 |   58880 |      0 |   14720 |      0 |      48 |      0 |       0 |      0 |     138 |      0 |       0 |      0 |       0 |      0 |       0 |
| X3Y1              |      0 |      24 |      0 |   47104 |      0 |   11776 |      0 |      96 |      0 |      24 |      0 |     138 |      0 |       0 |      0 |       0 |      0 |       4 |
| X4Y1              |      0 |      24 |      0 |   58880 |      0 |   14720 |      0 |      48 |      0 |       0 |      0 |     138 |      0 |       0 |      0 |       0 |      0 |       0 |
| X5Y1              |      0 |      24 |      0 |   47104 |      0 |   11776 |      0 |      96 |      0 |      24 |      0 |     138 |      0 |       0 |      0 |       0 |      0 |       4 |
| X6Y1              |      0 |      24 |      0 |   58880 |      0 |   14720 |      0 |      48 |      0 |       0 |      0 |     138 |      0 |       0 |      0 |       0 |      0 |       0 |
| X7Y1              |      0 |      24 |      0 |   47104 |      0 |   11776 |      0 |      96 |      0 |      24 |      0 |     138 |      0 |       0 |      0 |       0 |      0 |       4 |
| X8Y1              |      0 |      24 |      0 |   58880 |      0 |   14720 |      0 |      48 |      0 |       0 |      0 |       0 |      0 |       0 |      0 |       0 |      0 |       0 |
| X9Y1              |      0 |      24 |      0 |   41216 |      0 |   10304 |      0 |       0 |      0 |      24 |      0 |       0 |      0 |       6 |      0 |       0 |      0 |       0 |
| X0Y2              |      0 |      24 |      0 |   21504 |      0 |    5376 |      0 |      24 |      0 |       0 |      0 |       0 |      0 |       3 |      0 |       0 |      0 |       0 |
| X1Y2              |      0 |      24 |      0 |   64512 |      0 |   16128 |      0 |      48 |      0 |      36 |      0 |       0 |      0 |       0 |      0 |       0 |      0 |       4 |
| X2Y2              |      2 |      24 |    121 |   61440 |      0 |   15360 |      0 |      48 |      0 |       0 |      0 |     144 |      0 |       0 |      0 |       0 |      0 |       0 |
| X3Y2              |      0 |      24 |      0 |   49152 |      0 |   12288 |      0 |      96 |      0 |      24 |      0 |     144 |      0 |       0 |      0 |       0 |      0 |       4 |
| X4Y2              |      0 |      24 |      0 |   61440 |      0 |   15360 |      0 |      48 |      0 |       0 |      0 |     144 |      0 |       0 |      0 |       0 |      0 |       0 |
| X5Y2              |      0 |      24 |      0 |   49152 |      0 |   12288 |      0 |      96 |      0 |      24 |      0 |     144 |      0 |       0 |      0 |       0 |      0 |       4 |
| X6Y2              |      0 |      24 |      0 |   61440 |      0 |   15360 |      0 |      48 |      0 |       0 |      0 |     144 |      0 |       0 |      0 |       0 |      0 |       0 |
| X7Y2              |      0 |      24 |      0 |   49152 |      0 |   12288 |      0 |      96 |      0 |      24 |      0 |     144 |      0 |       0 |      0 |       0 |      0 |       4 |
| X8Y2              |      0 |      24 |      0 |   61440 |      0 |   15360 |      0 |      48 |      0 |       0 |      0 |       0 |      0 |       0 |      0 |       0 |      0 |       0 |
| X9Y2              |      0 |      24 |      0 |   43008 |      0 |   10752 |      0 |       0 |      0 |      24 |      0 |       0 |      0 |       6 |      0 |       1 |      0 |       0 |
| X0Y3              |      0 |      24 |      0 |   43008 |      0 |   10752 |      0 |      48 |      0 |       0 |      0 |       0 |      0 |       6 |      0 |       2 |      0 |       0 |
| X1Y3              |      2 |      24 |   2795 |   73728 |     21 |   18432 |      0 |      48 |     12 |      48 |      0 |       0 |      0 |       0 |      0 |       0 |      0 |       4 |
| X2Y3              |      2 |      24 |  18430 |   61440 |    260 |   15360 |     23 |      48 |      0 |       0 |      0 |     144 |      0 |       0 |      0 |       0 |      0 |       0 |
| X3Y3              |      2 |      24 |   9058 |   49152 |    121 |   12288 |      0 |      96 |      4 |      24 |      0 |     144 |      0 |       0 |      0 |       0 |      0 |       4 |
| X4Y3              |      1 |      24 |      1 |   61440 |      0 |   15360 |      0 |      48 |      0 |       0 |      0 |     144 |      0 |       0 |      0 |       0 |      0 |       0 |
| X5Y3              |      0 |      24 |      0 |   49152 |      0 |   12288 |      0 |      96 |      0 |      24 |      0 |     144 |      0 |       0 |      0 |       0 |      0 |       4 |
| X6Y3              |      0 |      24 |      0 |   61440 |      0 |   15360 |      0 |      48 |      0 |       0 |      0 |     144 |      0 |       0 |      0 |       0 |      0 |       0 |
| X7Y3              |      0 |      24 |      0 |   49152 |      0 |   12288 |      0 |      96 |      0 |      24 |      0 |     144 |      0 |       0 |      0 |       0 |      0 |       4 |
| X8Y3              |      0 |      24 |      0 |   61440 |      0 |   15360 |      0 |      48 |      0 |       0 |      0 |       0 |      0 |       0 |      0 |       0 |      0 |       0 |
| X9Y3              |      0 |      24 |      0 |   43008 |      0 |   10752 |      0 |       0 |      0 |      24 |      0 |       0 |      0 |       6 |      0 |       1 |      0 |       0 |
| X0Y4              |      0 |      24 |      0 |   19712 |      0 |    4928 |      0 |      22 |      0 |       0 |      0 |       0 |      0 |       3 |      0 |       0 |      0 |       0 |
| X1Y4              |      2 |      24 |   3814 |   33792 |     58 |    8448 |      0 |      24 |     12 |      23 |      0 |       0 |      0 |       0 |      0 |       0 |      0 |       2 |
| X2Y4              |      2 |      24 |   7667 |   28160 |     13 |    7040 |      0 |      22 |      0 |       0 |      0 |      66 |      0 |       0 |      0 |       0 |      0 |       0 |
| X3Y4              |      2 |      24 |   1086 |   22528 |      4 |    5632 |      0 |      48 |      4 |      11 |      0 |      66 |      0 |       0 |      0 |       0 |      0 |       2 |
| X4Y4              |      0 |      24 |      0 |   28160 |      0 |    7040 |      0 |      22 |      0 |       0 |      0 |      66 |      0 |       0 |      0 |       0 |      0 |       0 |
| X5Y4              |      0 |      24 |      0 |   22528 |      0 |    5632 |      0 |      48 |      0 |      11 |      0 |      66 |      0 |       0 |      0 |       0 |      0 |       2 |
| X6Y4              |      0 |      24 |      0 |   28160 |      0 |    7040 |      0 |      22 |      0 |       0 |      0 |      66 |      0 |       0 |      0 |       0 |      0 |       0 |
| X7Y4              |      0 |      24 |      0 |   22528 |      0 |    5632 |      0 |      48 |      0 |      11 |      0 |      66 |      0 |       0 |      0 |       0 |      0 |       2 |
| X8Y4              |      0 |      24 |      0 |   28160 |      0 |    7040 |      0 |      22 |      0 |       0 |      0 |       0 |      0 |       0 |      0 |       0 |      0 |       0 |
| X9Y4              |      0 |      24 |      0 |   19712 |      0 |    4928 |      0 |       0 |      0 |      11 |      0 |       0 |      0 |       3 |      0 |       0 |      0 |       0 |
| X0Y5              |      0 |      24 |      0 |       0 |      0 |       0 |      0 |       0 |      0 |       0 |      0 |       0 |      0 |       0 |      0 |       0 |      0 |       0 |
| X1Y5              |      0 |      24 |      0 |       0 |      0 |       0 |      0 |       0 |      0 |       0 |      0 |       0 |      0 |       0 |      0 |       0 |      0 |       0 |
| X2Y5              |      0 |      24 |      0 |       0 |      0 |       0 |      0 |       0 |      0 |       0 |      0 |       0 |      0 |       0 |      0 |       0 |      0 |       0 |
| X3Y5              |      0 |      24 |      0 |       0 |      0 |       0 |      0 |       0 |      0 |       0 |      0 |       0 |      0 |       0 |      0 |       0 |      0 |       0 |
| X4Y5              |      0 |      24 |      0 |       0 |      0 |       0 |      0 |       0 |      0 |       0 |      0 |       0 |      0 |       0 |      0 |       0 |      0 |       0 |
| X5Y5              |      0 |      24 |      0 |       0 |      0 |       0 |      0 |       0 |      0 |       0 |      0 |       0 |      0 |       0 |      0 |       0 |      0 |       0 |
| X6Y5              |      0 |      24 |      0 |       0 |      0 |       0 |      0 |       0 |      0 |       0 |      0 |       0 |      0 |       0 |      0 |       0 |      0 |       0 |
| X7Y5              |      0 |      24 |      0 |       0 |      0 |       0 |      0 |       0 |      0 |       0 |      0 |       0 |      0 |       0 |      0 |       0 |      0 |       0 |
| X8Y5              |      0 |      24 |      0 |       0 |      0 |       0 |      0 |       0 |      0 |       0 |      0 |       0 |      0 |       0 |      0 |       0 |      0 |       0 |
| X9Y5              |      0 |      24 |      0 |       0 |      0 |       0 |      0 |       0 |      0 |       0 |      0 |       0 |      0 |       0 |      0 |       0 |      0 |       0 |
| X10Y5             |      0 |      24 |      0 |       0 |      0 |       0 |      0 |       0 |      0 |       0 |      0 |       0 |      0 |       0 |      0 |       0 |      0 |       0 |
| X11Y5             |      0 |       0 |      0 |       0 |      0 |       0 |      0 |       0 |      0 |       0 |      0 |       0 |      0 |       0 |      0 |       0 |      0 |       0 |
+-------------------+--------+---------+--------+---------+--------+---------+--------+---------+--------+---------+--------+---------+--------+---------+--------+---------+--------+---------+
* Global Clock column represents track count; while other columns represents cell counts


6. Clock Regions : Global Clock Summary
---------------------------------------

All Modules
+----+----+----+----+----+----+----+----+----+----+----+-----+-----+
|    | X0 | X1 | X2 | X3 | X4 | X5 | X6 | X7 | X8 | X9 | X10 | X11 |
+----+----+----+----+----+----+----+----+----+----+----+-----+-----+
| Y5 |  0 |  0 |  0 |  0 |  0 |  0 |  0 |  0 |  0 |  0 |   0 |   0 |
| Y4 |  0 |  2 |  2 |  2 |  0 |  0 |  0 |  0 |  0 |  0 |   0 |   0 |
| Y3 |  0 |  2 |  2 |  2 |  1 |  0 |  0 |  0 |  0 |  0 |   0 |   0 |
| Y2 |  0 |  0 |  2 |  0 |  0 |  0 |  0 |  0 |  0 |  0 |   0 |   0 |
| Y1 |  0 |  0 |  0 |  0 |  0 |  0 |  0 |  0 |  0 |  0 |   0 |   0 |
| Y0 |  0 |  0 |  0 |  0 |  0 |  0 |  0 |  0 |  0 |  0 |   0 |   0 |
+----+----+----+----+----+----+----+----+----+----+----+-----+-----+


7. Clock Regions : Routing Resource Utilization
-----------------------------------------------

All Modules
+-------------------+----------------------+----------------------+----------------------+----------------------+
|                   |        HROUTES       |        HDISTRS       |        VROUTES       |        VDISTRS       |
+-------------------+------+-------+-------+------+-------+-------+------+-------+-------+------+-------+-------+
| Clock Region Name | Used | Avail | Util% | Used | Avail | Util% | Used | Avail | Util% | Used | Avail | Util% |
+-------------------+------+-------+-------+------+-------+-------+------+-------+-------+------+-------+-------+
| X0Y0              |    1 |    24 |  4.17 |    0 |    24 |  0.00 |    0 |     0 |  0.00 |    0 |     0 |  0.00 |
| X1Y0              |    1 |    24 |  4.17 |    0 |    24 |  0.00 |    0 |     0 |  0.00 |    0 |     0 |  0.00 |
| X2Y0              |    1 |    24 |  4.17 |    0 |    24 |  0.00 |    0 |     0 |  0.00 |    0 |     0 |  0.00 |
| X3Y0              |    1 |    24 |  4.17 |    0 |    24 |  0.00 |    0 |     0 |  0.00 |    0 |     0 |  0.00 |
| X4Y0              |    0 |    24 |  0.00 |    0 |    24 |  0.00 |    0 |     0 |  0.00 |    0 |     0 |  0.00 |
| X5Y0              |    0 |    24 |  0.00 |    0 |    24 |  0.00 |    0 |     0 |  0.00 |    0 |     0 |  0.00 |
| X6Y0              |    0 |    24 |  0.00 |    0 |    24 |  0.00 |    0 |     0 |  0.00 |    0 |     0 |  0.00 |
| X7Y0              |    0 |    24 |  0.00 |    0 |    24 |  0.00 |    0 |     0 |  0.00 |    0 |     0 |  0.00 |
| X8Y0              |    0 |    24 |  0.00 |    0 |    24 |  0.00 |    0 |     0 |  0.00 |    0 |     0 |  0.00 |
| X9Y0              |    0 |    24 |  0.00 |    0 |    24 |  0.00 |    0 |     0 |  0.00 |    0 |     0 |  0.00 |
| X10Y0             |    0 |    24 |  0.00 |    0 |    24 |  0.00 |    0 |     0 |  0.00 |    0 |     0 |  0.00 |
| X11Y0             |    0 |    24 |  0.00 |    0 |    24 |  0.00 |    0 |     0 |  0.00 |    0 |     0 |  0.00 |
| X0Y1              |    0 |     0 |  0.00 |    0 |     0 |  0.00 |    0 |     0 |  0.00 |    0 |     0 |  0.00 |
| X1Y1              |    0 |     0 |  0.00 |    0 |    24 |  0.00 |    1 |    24 |  4.17 |    0 |    24 |  0.00 |
| X2Y1              |    0 |    12 |  0.00 |    0 |    24 |  0.00 |    0 |     0 |  0.00 |    0 |     0 |  0.00 |
| X3Y1              |    0 |    12 |  0.00 |    0 |    24 |  0.00 |    0 |    24 |  0.00 |    0 |    24 |  0.00 |
| X4Y1              |    0 |    12 |  0.00 |    0 |    24 |  0.00 |    0 |     0 |  0.00 |    0 |     0 |  0.00 |
| X5Y1              |    0 |    12 |  0.00 |    0 |    24 |  0.00 |    0 |    24 |  0.00 |    0 |    24 |  0.00 |
| X6Y1              |    0 |    12 |  0.00 |    0 |    24 |  0.00 |    0 |     0 |  0.00 |    0 |     0 |  0.00 |
| X7Y1              |    0 |    12 |  0.00 |    0 |    24 |  0.00 |    0 |    24 |  0.00 |    0 |    24 |  0.00 |
| X8Y1              |    0 |    12 |  0.00 |    0 |    24 |  0.00 |    0 |     0 |  0.00 |    0 |     0 |  0.00 |
| X9Y1              |    0 |    12 |  0.00 |    0 |    24 |  0.00 |    0 |    24 |  0.00 |    0 |    24 |  0.00 |
| X0Y2              |    0 |    12 |  0.00 |    0 |    24 |  0.00 |    0 |    24 |  0.00 |    0 |    24 |  0.00 |
| X1Y2              |    0 |    12 |  0.00 |    0 |    24 |  0.00 |    2 |    24 |  8.33 |    2 |    24 |  8.33 |
| X2Y2              |    0 |    12 |  0.00 |    2 |    24 |  8.33 |    0 |     0 |  0.00 |    0 |     0 |  0.00 |
| X3Y2              |    0 |    12 |  0.00 |    0 |    24 |  0.00 |    0 |    24 |  0.00 |    0 |    24 |  0.00 |
| X4Y2              |    0 |    12 |  0.00 |    0 |    24 |  0.00 |    0 |     0 |  0.00 |    0 |     0 |  0.00 |
| X5Y2              |    0 |    12 |  0.00 |    0 |    24 |  0.00 |    0 |    24 |  0.00 |    0 |    24 |  0.00 |
| X6Y2              |    0 |    12 |  0.00 |    0 |    24 |  0.00 |    0 |     0 |  0.00 |    0 |     0 |  0.00 |
| X7Y2              |    0 |    12 |  0.00 |    0 |    24 |  0.00 |    0 |    24 |  0.00 |    0 |    24 |  0.00 |
| X8Y2              |    0 |    12 |  0.00 |    0 |    24 |  0.00 |    0 |     0 |  0.00 |    0 |     0 |  0.00 |
| X9Y2              |    0 |    12 |  0.00 |    0 |    24 |  0.00 |    0 |    24 |  0.00 |    0 |    24 |  0.00 |
| X0Y3              |    0 |    12 |  0.00 |    0 |    24 |  0.00 |    0 |    24 |  0.00 |    0 |    24 |  0.00 |
| X1Y3              |    0 |    12 |  0.00 |    2 |    24 |  8.33 |    0 |    24 |  0.00 |    2 |    24 |  8.33 |
| X2Y3              |    0 |    12 |  0.00 |    2 |    24 |  8.33 |    0 |     0 |  0.00 |    0 |     0 |  0.00 |
| X3Y3              |    0 |    12 |  0.00 |    2 |    24 |  8.33 |    1 |    24 |  4.17 |    1 |    24 |  4.17 |
| X4Y3              |    0 |    12 |  0.00 |    1 |    24 |  4.17 |    0 |     0 |  0.00 |    0 |     0 |  0.00 |
| X5Y3              |    0 |    12 |  0.00 |    0 |    24 |  0.00 |    0 |    24 |  0.00 |    0 |    24 |  0.00 |
| X6Y3              |    0 |    12 |  0.00 |    0 |    24 |  0.00 |    0 |     0 |  0.00 |    0 |     0 |  0.00 |
| X7Y3              |    0 |    12 |  0.00 |    0 |    24 |  0.00 |    0 |    24 |  0.00 |    0 |    24 |  0.00 |
| X8Y3              |    0 |    12 |  0.00 |    0 |    24 |  0.00 |    0 |     0 |  0.00 |    0 |     0 |  0.00 |
| X9Y3              |    0 |    12 |  0.00 |    0 |    24 |  0.00 |    0 |    24 |  0.00 |    0 |    24 |  0.00 |
| X0Y4              |    0 |    12 |  0.00 |    0 |    24 |  0.00 |    0 |    24 |  0.00 |    0 |    24 |  0.00 |
| X1Y4              |    0 |    12 |  0.00 |    2 |    24 |  8.33 |    0 |    24 |  0.00 |    2 |    24 |  8.33 |
| X2Y4              |    0 |    12 |  0.00 |    2 |    24 |  8.33 |    0 |     0 |  0.00 |    0 |     0 |  0.00 |
| X3Y4              |    0 |    12 |  0.00 |    2 |    24 |  8.33 |    0 |    24 |  0.00 |    1 |    24 |  4.17 |
| X4Y4              |    0 |    12 |  0.00 |    0 |    24 |  0.00 |    0 |     0 |  0.00 |    0 |     0 |  0.00 |
| X5Y4              |    0 |    12 |  0.00 |    0 |    24 |  0.00 |    0 |    24 |  0.00 |    0 |    24 |  0.00 |
| X6Y4              |    0 |    12 |  0.00 |    0 |    24 |  0.00 |    0 |     0 |  0.00 |    0 |     0 |  0.00 |
| X7Y4              |    0 |    12 |  0.00 |    0 |    24 |  0.00 |    0 |    24 |  0.00 |    0 |    24 |  0.00 |
| X8Y4              |    0 |    12 |  0.00 |    0 |    24 |  0.00 |    0 |     0 |  0.00 |    0 |     0 |  0.00 |
| X9Y4              |    0 |    12 |  0.00 |    0 |    24 |  0.00 |    0 |    24 |  0.00 |    0 |    24 |  0.00 |
| X0Y5              |    0 |     0 |  0.00 |    0 |    24 |  0.00 |    0 |     0 |  0.00 |    0 |     0 |  0.00 |
| X1Y5              |    0 |     0 |  0.00 |    0 |    24 |  0.00 |    0 |     0 |  0.00 |    0 |     0 |  0.00 |
| X2Y5              |    0 |     0 |  0.00 |    0 |    24 |  0.00 |    0 |     0 |  0.00 |    0 |     0 |  0.00 |
| X3Y5              |    0 |     0 |  0.00 |    0 |    24 |  0.00 |    0 |     0 |  0.00 |    0 |     0 |  0.00 |
| X4Y5              |    0 |     0 |  0.00 |    0 |    24 |  0.00 |    0 |     0 |  0.00 |    0 |     0 |  0.00 |
| X5Y5              |    0 |     0 |  0.00 |    0 |    24 |  0.00 |    0 |     0 |  0.00 |    0 |     0 |  0.00 |
| X6Y5              |    0 |     0 |  0.00 |    0 |    24 |  0.00 |    0 |     0 |  0.00 |    0 |     0 |  0.00 |
| X7Y5              |    0 |     0 |  0.00 |    0 |    24 |  0.00 |    0 |     0 |  0.00 |    0 |     0 |  0.00 |
| X8Y5              |    0 |     0 |  0.00 |    0 |    24 |  0.00 |    0 |     0 |  0.00 |    0 |     0 |  0.00 |
| X9Y5              |    0 |     0 |  0.00 |    0 |    24 |  0.00 |    0 |     0 |  0.00 |    0 |     0 |  0.00 |
| X10Y5             |    0 |     0 |  0.00 |    0 |    24 |  0.00 |    0 |     0 |  0.00 |    0 |     0 |  0.00 |
| X11Y5             |    0 |     0 |  0.00 |    0 |     0 |  0.00 |    0 |     0 |  0.00 |    0 |     0 |  0.00 |
+-------------------+------+-------+-------+------+-------+-------+------+-------+-------+------+-------+-------+


8. Device Cell Placement Summary for Global Clock g0
----------------------------------------------------

+-----------+-----------------+-------------------+-------------------+-------------+---------------+----------+-------------+----------+----------------+----------+---------------------------------------------------------------------+
| Global Id | Driver Type/Pin | Driver Region (D) | Clock             | Period (ns) | Waveform (ns) | Root (R) | Slice Loads | IO Loads | Clocking Loads | GT Loads | Net                                                                 |
+-----------+-----------------+-------------------+-------------------+-------------+---------------+----------+-------------+----------+----------------+----------+---------------------------------------------------------------------+
| g0        | BUFGCE/O        | X0Y0              | clkout1_primitive |      12.500 | {0.000 6.250} | X1Y3     |       43469 |        0 |              0 |        0 | ajitVCK_i/fpga_top_0/U0/clocking/inst/clock_primitive_inst/clk_out1 |
+-----------+-----------------+-------------------+-------------------+-------------+---------------+----------+-------------+----------+----------------+----------+---------------------------------------------------------------------+
* Slice Loads column represents load cell count of all cell types other than IO, GT and clock resources
** IO Loads column represents load cell count of IO types
*** Clocking Loads column represents load cell count that are clock resources (global clock buffer, MMCM, PLL, etc)
**** GT Loads column represents load cell count of GT types


+----+--------+----------+--------+-------+----+----+----+----+----+----+-----+-----+
|    | X0     | X1       | X2     | X3    | X4 | X5 | X6 | X7 | X8 | X9 | X10 | X11 |
+----+--------+----------+--------+-------+----+----+----+----+----+----+-----+-----+
| Y5 |      0 |        0 |      0 |     0 |  0 |  0 |  0 |  0 |  0 |  0 |   0 |   0 |
| Y4 |      0 |     3872 |   7680 |  1090 |  0 |  0 |  0 |  0 |  0 |  0 |   0 |   0 |
| Y3 |      0 | (R) 2816 |  18710 |  9179 |  1 |  0 |  0 |  0 |  0 |  0 |   0 |   0 |
| Y2 |      0 |        0 |    121 |     0 |  0 |  0 |  0 |  0 |  0 |  0 |   0 |   0 |
| Y1 |      0 |        0 |      0 |     0 |  0 |  0 |  0 |  0 |  0 |  0 |   0 |   0 |
| Y0 |  (D) 0 |        0 |      0 |     0 |  0 |  0 |  0 |  0 |  0 |  0 |   0 |   0 |
+----+--------+----------+--------+-------+----+----+----+----+----+----+-----+-----+


9. Device Cell Placement Summary for Global Clock g1
----------------------------------------------------

+-----------+-----------------+-------------------+-------+-------------+---------------+----------+-------------+----------+----------------+----------+-------------------------------------------------+
| Global Id | Driver Type/Pin | Driver Region (D) | Clock | Period (ns) | Waveform (ns) | Root (R) | Slice Loads | IO Loads | Clocking Loads | GT Loads | Net                                             |
+-----------+-----------------+-------------------+-------+-------------+---------------+----------+-------------+----------+----------------+----------+-------------------------------------------------+
| g1        | BUFG_FABRIC/O   | X1Y2              |       |             |               | X1Y3     |       28922 |        0 |              0 |        0 | ajitVCK_i/fpga_top_0/U0/reset_sync_reg_n_0_BUFG |
+-----------+-----------------+-------------------+-------+-------------+---------------+----------+-------------+----------+----------------+----------+-------------------------------------------------+
* Slice Loads column represents load cell count of all cell types other than IO, GT and clock resources
** IO Loads column represents load cell count of IO types
*** Clocking Loads column represents load cell count that are clock resources (global clock buffer, MMCM, PLL, etc)
**** GT Loads column represents load cell count of GT types


+----+----+----------+--------+----+----+----+----+----+----+----+-----+-----+
|    | X0 | X1       | X2     | X3 | X4 | X5 | X6 | X7 | X8 | X9 | X10 | X11 |
+----+----+----------+--------+----+----+----+----+----+----+----+-----+-----+
| Y5 |  0 |        0 |      0 |  0 |  0 |  0 |  0 |  0 |  0 |  0 |   0 |   0 |
| Y4 |  0 |     3547 |   7551 |  0 |  0 |  0 |  0 |  0 |  0 |  0 |   0 |   0 |
| Y3 |  0 | (R) 2587 |  15117 |  0 |  0 |  0 |  0 |  0 |  0 |  0 |   0 |   0 |
| Y2 |  0 |    (D) 0 |    120 |  0 |  0 |  0 |  0 |  0 |  0 |  0 |   0 |   0 |
| Y1 |  0 |        0 |      0 |  0 |  0 |  0 |  0 |  0 |  0 |  0 |   0 |   0 |
| Y0 |  0 |        0 |      0 |  0 |  0 |  0 |  0 |  0 |  0 |  0 |   0 |   0 |
+----+----+----------+--------+----+----+----+----+----+----+----+-----+-----+


10. Device Cell Placement Summary for Global Clock g2
-----------------------------------------------------

+-----------+-----------------+-------------------+-------+-------------+---------------+----------+-------------+----------+----------------+----------+------------------------------------------------------+
| Global Id | Driver Type/Pin | Driver Region (D) | Clock | Period (ns) | Waveform (ns) | Root (R) | Slice Loads | IO Loads | Clocking Loads | GT Loads | Net                                                  |
+-----------+-----------------+-------------------+-------+-------------+---------------+----------+-------------+----------+----------------+----------+------------------------------------------------------+
| g2        | BUFG_FABRIC/O   | X3Y3              |       |             |               | X3Y3     |        8857 |        0 |              0 |        0 | ajitVCK_i/fpga_top_0/U0/reset_sync_reg_n_0_BUFG_repN |
+-----------+-----------------+-------------------+-------+-------------+---------------+----------+-------------+----------+----------------+----------+------------------------------------------------------+
* Slice Loads column represents load cell count of all cell types other than IO, GT and clock resources
** IO Loads column represents load cell count of IO types
*** Clocking Loads column represents load cell count that are clock resources (global clock buffer, MMCM, PLL, etc)
**** GT Loads column represents load cell count of GT types


+----+----+----+----+--------------+----+----+----+----+----+----+-----+-----+
|    | X0 | X1 | X2 | X3           | X4 | X5 | X6 | X7 | X8 | X9 | X10 | X11 |
+----+----+----+----+--------------+----+----+----+----+----+----+-----+-----+
| Y5 |  0 |  0 |  0 |            0 |  0 |  0 |  0 |  0 |  0 |  0 |   0 |   0 |
| Y4 |  0 |  0 |  0 |          918 |  0 |  0 |  0 |  0 |  0 |  0 |   0 |   0 |
| Y3 |  0 |  0 |  0 | (R) (D) 7939 |  0 |  0 |  0 |  0 |  0 |  0 |   0 |   0 |
| Y2 |  0 |  0 |  0 |            0 |  0 |  0 |  0 |  0 |  0 |  0 |   0 |   0 |
| Y1 |  0 |  0 |  0 |            0 |  0 |  0 |  0 |  0 |  0 |  0 |   0 |   0 |
| Y0 |  0 |  0 |  0 |            0 |  0 |  0 |  0 |  0 |  0 |  0 |   0 |   0 |
+----+----+----+----+--------------+----+----+----+----+----+----+-----+-----+


11. Clock Region Cell Placement per Global Clock: Region X2Y2
-------------------------------------------------------------

+-----------+-------+-----------------+------------+-------------+-----------------+-----+-------------+------+------+-----+----+------+-----+---------+---------------------------------------------------------------------+
| Global Id | Track | Driver Type/Pin | Constraint | Clock Loads | Non-Clock Loads | FF  | Memory LUTs | RAMB | URAM | DSP | GT | MMCM | NOC | Hard IP | Net                                                                 |
+-----------+-------+-----------------+------------+-------------+-----------------+-----+-------------+------+------+-----+----+------+-----+---------+---------------------------------------------------------------------+
| g0        | 23    | BUFGCE/O        | None       |         121 |               0 | 121 |           0 |    0 |    0 |   0 |  0 |    0 |   0 |       0 | ajitVCK_i/fpga_top_0/U0/clocking/inst/clock_primitive_inst/clk_out1 |
| g1        | 0     | BUFG_FABRIC/O   | None       |           0 |             120 | 120 |           0 |    0 |    0 |   0 |  0 |    0 |   0 |       0 | ajitVCK_i/fpga_top_0/U0/reset_sync_reg_n_0_BUFG                     |
+-----------+-------+-----------------+------------+-------------+-----------------+-----+-------------+------+------+-----+----+------+-----+---------+---------------------------------------------------------------------+
* Clock Loads column represents cell count of net connects that connect to a clock pin. Internal cell leaf pins are not considered
** Non-Clock Loads column represents cell count of non-clock pin loads
*** Columns FF, LUTRAM, RAMB through 'Hard IP' represents load cell counts


12. Clock Region Cell Placement per Global Clock: Region X1Y3
-------------------------------------------------------------

+-----------+-------+-----------------+------------+-------------+-----------------+------+-------------+------+------+-----+----+------+-----+---------+---------------------------------------------------------------------+
| Global Id | Track | Driver Type/Pin | Constraint | Clock Loads | Non-Clock Loads | FF   | Memory LUTs | RAMB | URAM | DSP | GT | MMCM | NOC | Hard IP | Net                                                                 |
+-----------+-------+-----------------+------------+-------------+-----------------+------+-------------+------+------+-----+----+------+-----+---------+---------------------------------------------------------------------+
| g0        | 23    | BUFGCE/O        | None       |        2816 |               0 | 2795 |          21 |    0 |   12 |   0 |  0 |    0 |   0 |       0 | ajitVCK_i/fpga_top_0/U0/clocking/inst/clock_primitive_inst/clk_out1 |
| g1        | 0     | BUFG_FABRIC/O   | None       |           0 |            2587 | 2484 |           0 |    0 |    0 |   0 |  0 |    0 |   0 |       0 | ajitVCK_i/fpga_top_0/U0/reset_sync_reg_n_0_BUFG                     |
+-----------+-------+-----------------+------------+-------------+-----------------+------+-------------+------+------+-----+----+------+-----+---------+---------------------------------------------------------------------+
* Clock Loads column represents cell count of net connects that connect to a clock pin. Internal cell leaf pins are not considered
** Non-Clock Loads column represents cell count of non-clock pin loads
*** Columns FF, LUTRAM, RAMB through 'Hard IP' represents load cell counts


13. Clock Region Cell Placement per Global Clock: Region X2Y3
-------------------------------------------------------------

+-----------+-------+-----------------+------------+-------------+-----------------+-------+-------------+------+------+-----+----+------+-----+---------+---------------------------------------------------------------------+
| Global Id | Track | Driver Type/Pin | Constraint | Clock Loads | Non-Clock Loads | FF    | Memory LUTs | RAMB | URAM | DSP | GT | MMCM | NOC | Hard IP | Net                                                                 |
+-----------+-------+-----------------+------------+-------------+-----------------+-------+-------------+------+------+-----+----+------+-----+---------+---------------------------------------------------------------------+
| g0        | 23    | BUFGCE/O        | None       |       18710 |               0 | 18430 |         260 |   20 |    0 |   0 |  0 |    0 |   0 |       0 | ajitVCK_i/fpga_top_0/U0/clocking/inst/clock_primitive_inst/clk_out1 |
| g1        | 0     | BUFG_FABRIC/O   | None       |           0 |           15117 | 14584 |           0 |    0 |    0 |   0 |  0 |    0 |   0 |       0 | ajitVCK_i/fpga_top_0/U0/reset_sync_reg_n_0_BUFG                     |
+-----------+-------+-----------------+------------+-------------+-----------------+-------+-------------+------+------+-----+----+------+-----+---------+---------------------------------------------------------------------+
* Clock Loads column represents cell count of net connects that connect to a clock pin. Internal cell leaf pins are not considered
** Non-Clock Loads column represents cell count of non-clock pin loads
*** Columns FF, LUTRAM, RAMB through 'Hard IP' represents load cell counts


14. Clock Region Cell Placement per Global Clock: Region X3Y3
-------------------------------------------------------------

+-----------+-------+-----------------+------------+-------------+-----------------+------+-------------+------+------+-----+----+------+-----+---------+---------------------------------------------------------------------+
| Global Id | Track | Driver Type/Pin | Constraint | Clock Loads | Non-Clock Loads | FF   | Memory LUTs | RAMB | URAM | DSP | GT | MMCM | NOC | Hard IP | Net                                                                 |
+-----------+-------+-----------------+------------+-------------+-----------------+------+-------------+------+------+-----+----+------+-----+---------+---------------------------------------------------------------------+
| g0        | 23    | BUFGCE/O        | None       |        9179 |               0 | 9058 |         121 |    0 |    4 |   0 |  0 |    0 |   0 |       0 | ajitVCK_i/fpga_top_0/U0/clocking/inst/clock_primitive_inst/clk_out1 |
| g2        | 1     | BUFG_FABRIC/O   | None       |           0 |            7939 | 7551 |           0 |    0 |    0 |   0 |  0 |    0 |   0 |       0 | ajitVCK_i/fpga_top_0/U0/reset_sync_reg_n_0_BUFG_repN                |
+-----------+-------+-----------------+------------+-------------+-----------------+------+-------------+------+------+-----+----+------+-----+---------+---------------------------------------------------------------------+
* Clock Loads column represents cell count of net connects that connect to a clock pin. Internal cell leaf pins are not considered
** Non-Clock Loads column represents cell count of non-clock pin loads
*** Columns FF, LUTRAM, RAMB through 'Hard IP' represents load cell counts


15. Clock Region Cell Placement per Global Clock: Region X4Y3
-------------------------------------------------------------

+-----------+-------+-----------------+------------+-------------+-----------------+----+-------------+------+------+-----+----+------+-----+---------+---------------------------------------------------------------------+
| Global Id | Track | Driver Type/Pin | Constraint | Clock Loads | Non-Clock Loads | FF | Memory LUTs | RAMB | URAM | DSP | GT | MMCM | NOC | Hard IP | Net                                                                 |
+-----------+-------+-----------------+------------+-------------+-----------------+----+-------------+------+------+-----+----+------+-----+---------+---------------------------------------------------------------------+
| g0        | 23    | BUFGCE/O        | None       |           1 |               0 |  1 |           0 |    0 |    0 |   0 |  0 |    0 |   0 |       0 | ajitVCK_i/fpga_top_0/U0/clocking/inst/clock_primitive_inst/clk_out1 |
+-----------+-------+-----------------+------------+-------------+-----------------+----+-------------+------+------+-----+----+------+-----+---------+---------------------------------------------------------------------+
* Clock Loads column represents cell count of net connects that connect to a clock pin. Internal cell leaf pins are not considered
** Non-Clock Loads column represents cell count of non-clock pin loads
*** Columns FF, LUTRAM, RAMB through 'Hard IP' represents load cell counts


16. Clock Region Cell Placement per Global Clock: Region X1Y4
-------------------------------------------------------------

+-----------+-------+-----------------+------------+-------------+-----------------+------+-------------+------+------+-----+----+------+-----+---------+---------------------------------------------------------------------+
| Global Id | Track | Driver Type/Pin | Constraint | Clock Loads | Non-Clock Loads | FF   | Memory LUTs | RAMB | URAM | DSP | GT | MMCM | NOC | Hard IP | Net                                                                 |
+-----------+-------+-----------------+------------+-------------+-----------------+------+-------------+------+------+-----+----+------+-----+---------+---------------------------------------------------------------------+
| g0        | 23    | BUFGCE/O        | None       |        3872 |               0 | 3814 |          58 |    0 |   12 |   0 |  0 |    0 |   0 |       0 | ajitVCK_i/fpga_top_0/U0/clocking/inst/clock_primitive_inst/clk_out1 |
| g1        | 0     | BUFG_FABRIC/O   | None       |           0 |            3547 | 3445 |           0 |    0 |    0 |   0 |  0 |    0 |   0 |       0 | ajitVCK_i/fpga_top_0/U0/reset_sync_reg_n_0_BUFG                     |
+-----------+-------+-----------------+------------+-------------+-----------------+------+-------------+------+------+-----+----+------+-----+---------+---------------------------------------------------------------------+
* Clock Loads column represents cell count of net connects that connect to a clock pin. Internal cell leaf pins are not considered
** Non-Clock Loads column represents cell count of non-clock pin loads
*** Columns FF, LUTRAM, RAMB through 'Hard IP' represents load cell counts


17. Clock Region Cell Placement per Global Clock: Region X2Y4
-------------------------------------------------------------

+-----------+-------+-----------------+------------+-------------+-----------------+------+-------------+------+------+-----+----+------+-----+---------+---------------------------------------------------------------------+
| Global Id | Track | Driver Type/Pin | Constraint | Clock Loads | Non-Clock Loads | FF   | Memory LUTs | RAMB | URAM | DSP | GT | MMCM | NOC | Hard IP | Net                                                                 |
+-----------+-------+-----------------+------------+-------------+-----------------+------+-------------+------+------+-----+----+------+-----+---------+---------------------------------------------------------------------+
| g0        | 23    | BUFGCE/O        | None       |        7680 |               0 | 7667 |          13 |    0 |    0 |   0 |  0 |    0 |   0 |       0 | ajitVCK_i/fpga_top_0/U0/clocking/inst/clock_primitive_inst/clk_out1 |
| g1        | 0     | BUFG_FABRIC/O   | None       |           0 |            7551 | 7364 |           0 |    0 |    0 |   0 |  0 |    0 |   0 |       0 | ajitVCK_i/fpga_top_0/U0/reset_sync_reg_n_0_BUFG                     |
+-----------+-------+-----------------+------------+-------------+-----------------+------+-------------+------+------+-----+----+------+-----+---------+---------------------------------------------------------------------+
* Clock Loads column represents cell count of net connects that connect to a clock pin. Internal cell leaf pins are not considered
** Non-Clock Loads column represents cell count of non-clock pin loads
*** Columns FF, LUTRAM, RAMB through 'Hard IP' represents load cell counts


18. Clock Region Cell Placement per Global Clock: Region X3Y4
-------------------------------------------------------------

+-----------+-------+-----------------+------------+-------------+-----------------+------+-------------+------+------+-----+----+------+-----+---------+---------------------------------------------------------------------+
| Global Id | Track | Driver Type/Pin | Constraint | Clock Loads | Non-Clock Loads | FF   | Memory LUTs | RAMB | URAM | DSP | GT | MMCM | NOC | Hard IP | Net                                                                 |
+-----------+-------+-----------------+------------+-------------+-----------------+------+-------------+------+------+-----+----+------+-----+---------+---------------------------------------------------------------------+
| g0        | 23    | BUFGCE/O        | None       |        1090 |               0 | 1086 |           4 |    0 |    4 |   0 |  0 |    0 |   0 |       0 | ajitVCK_i/fpga_top_0/U0/clocking/inst/clock_primitive_inst/clk_out1 |
| g2        | 1     | BUFG_FABRIC/O   | None       |           0 |             918 |  889 |           0 |    0 |    0 |   0 |  0 |    0 |   0 |       0 | ajitVCK_i/fpga_top_0/U0/reset_sync_reg_n_0_BUFG_repN                |
+-----------+-------+-----------------+------------+-------------+-----------------+------+-------------+------+------+-----+----+------+-----+---------+---------------------------------------------------------------------+
* Clock Loads column represents cell count of net connects that connect to a clock pin. Internal cell leaf pins are not considered
** Non-Clock Loads column represents cell count of non-clock pin loads
*** Columns FF, LUTRAM, RAMB through 'Hard IP' represents load cell counts


